[0.301s] DEBUG:colcon:Command line arguments: ['/usr/bin/colcon', 'build', '--packages-select', 'simple_arm_interfaces']
[0.301s] DEBUG:colcon:Parsed command line arguments: Namespace(log_base=None, log_level=None, verb_name='build', build_base='build', install_base='install', merge_install=False, symlink_install=False, test_result_base=None, continue_on_error=False, executor='parallel', parallel_workers=8, event_handlers=None, ignore_user_meta=False, metas=['./colcon.meta'], base_paths=['.'], packages_ignore=None, packages_ignore_regex=None, paths=None, packages_up_to=None, packages_up_to_regex=None, packages_above=None, packages_above_and_dependencies=None, packages_above_depth=None, packages_select_by_dep=None, packages_skip_by_dep=None, packages_skip_up_to=None, packages_select_build_failed=False, packages_skip_build_finished=False, packages_select_test_failures=False, packages_skip_test_passed=False, packages_select=['simple_arm_interfaces'], packages_skip=None, packages_select_regex=None, packages_skip_regex=None, packages_start=None, packages_end=None, allow_overriding=[], cmake_args=None, cmake_target=None, cmake_target_skip_unavailable=False, cmake_clean_cache=False, cmake_clean_first=False, cmake_force_configure=False, ament_cmake_args=None, catkin_cmake_args=None, catkin_skip_building_tests=False, verb_parser=<colcon_defaults.argument_parser.defaults.DefaultArgumentsDecorator object at 0x70f28af5e480>, verb_extension=<colcon_core.verb.build.BuildVerb object at 0x70f28af5df70>, main=<bound method BuildVerb.main of <colcon_core.verb.build.BuildVerb object at 0x70f28af5df70>>)
[0.377s] Level 1:colcon.colcon_core.package_discovery:discover_packages(colcon_meta) check parameters
[0.377s] Level 1:colcon.colcon_core.package_discovery:discover_packages(recursive) check parameters
[0.377s] Level 1:colcon.colcon_core.package_discovery:discover_packages(ignore) check parameters
[0.377s] Level 1:colcon.colcon_core.package_discovery:discover_packages(path) check parameters
[0.377s] Level 1:colcon.colcon_core.package_discovery:discover_packages(colcon_meta) discover
[0.377s] Level 1:colcon.colcon_core.package_discovery:discover_packages(recursive) discover
[0.377s] INFO:colcon.colcon_core.package_discovery:Crawling recursively for packages in '/home/shoky/ros2_ws'
[0.377s] Level 1:colcon.colcon_core.package_identification:_identify(.) by extensions ['ignore', 'ignore_ament_install']
[0.377s] Level 1:colcon.colcon_core.package_identification:_identify(.) by extension 'ignore'
[0.377s] Level 1:colcon.colcon_core.package_identification:_identify(.) by extension 'ignore_ament_install'
[0.377s] Level 1:colcon.colcon_core.package_identification:_identify(.) by extensions ['colcon_pkg']
[0.377s] Level 1:colcon.colcon_core.package_identification:_identify(.) by extension 'colcon_pkg'
[0.377s] Level 1:colcon.colcon_core.package_identification:_identify(.) by extensions ['colcon_meta']
[0.377s] Level 1:colcon.colcon_core.package_identification:_identify(.) by extension 'colcon_meta'
[0.377s] Level 1:colcon.colcon_core.package_identification:_identify(.) by extensions ['ros']
[0.377s] Level 1:colcon.colcon_core.package_identification:_identify(.) by extension 'ros'
[0.409s] Level 1:colcon.colcon_core.package_identification:_identify(.) by extensions ['cmake', 'python']
[0.409s] Level 1:colcon.colcon_core.package_identification:_identify(.) by extension 'cmake'
[0.409s] Level 1:colcon.colcon_core.package_identification:_identify(.) by extension 'python'
[0.409s] Level 1:colcon.colcon_core.package_identification:_identify(.) by extensions ['python_setup_py']
[0.409s] Level 1:colcon.colcon_core.package_identification:_identify(.) by extension 'python_setup_py'
[0.409s] Level 1:colcon.colcon_core.package_identification:_identify(build) by extensions ['ignore', 'ignore_ament_install']
[0.409s] Level 1:colcon.colcon_core.package_identification:_identify(build) by extension 'ignore'
[0.409s] Level 1:colcon.colcon_core.package_identification:_identify(build) ignored
[0.409s] Level 1:colcon.colcon_core.package_identification:_identify(cheatsheet) by extensions ['ignore', 'ignore_ament_install']
[0.409s] Level 1:colcon.colcon_core.package_identification:_identify(cheatsheet) by extension 'ignore'
[0.409s] Level 1:colcon.colcon_core.package_identification:_identify(cheatsheet) by extension 'ignore_ament_install'
[0.409s] Level 1:colcon.colcon_core.package_identification:_identify(cheatsheet) by extensions ['colcon_pkg']
[0.410s] Level 1:colcon.colcon_core.package_identification:_identify(cheatsheet) by extension 'colcon_pkg'
[0.410s] Level 1:colcon.colcon_core.package_identification:_identify(cheatsheet) by extensions ['colcon_meta']
[0.410s] Level 1:colcon.colcon_core.package_identification:_identify(cheatsheet) by extension 'colcon_meta'
[0.410s] Level 1:colcon.colcon_core.package_identification:_identify(cheatsheet) by extensions ['ros']
[0.410s] Level 1:colcon.colcon_core.package_identification:_identify(cheatsheet) by extension 'ros'
[0.410s] Level 1:colcon.colcon_core.package_identification:_identify(cheatsheet) by extensions ['cmake', 'python']
[0.410s] Level 1:colcon.colcon_core.package_identification:_identify(cheatsheet) by extension 'cmake'
[0.410s] Level 1:colcon.colcon_core.package_identification:_identify(cheatsheet) by extension 'python'
[0.410s] Level 1:colcon.colcon_core.package_identification:_identify(cheatsheet) by extensions ['python_setup_py']
[0.410s] Level 1:colcon.colcon_core.package_identification:_identify(cheatsheet) by extension 'python_setup_py'
[0.410s] Level 1:colcon.colcon_core.package_identification:_identify(install) by extensions ['ignore', 'ignore_ament_install']
[0.410s] Level 1:colcon.colcon_core.package_identification:_identify(install) by extension 'ignore'
[0.410s] Level 1:colcon.colcon_core.package_identification:_identify(install) ignored
[0.410s] Level 1:colcon.colcon_core.package_identification:_identify(log) by extensions ['ignore', 'ignore_ament_install']
[0.410s] Level 1:colcon.colcon_core.package_identification:_identify(log) by extension 'ignore'
[0.410s] Level 1:colcon.colcon_core.package_identification:_identify(log) ignored
[0.410s] Level 1:colcon.colcon_core.package_identification:_identify(my_turtle_recording) by extensions ['ignore', 'ignore_ament_install']
[0.410s] Level 1:colcon.colcon_core.package_identification:_identify(my_turtle_recording) by extension 'ignore'
[0.410s] Level 1:colcon.colcon_core.package_identification:_identify(my_turtle_recording) by extension 'ignore_ament_install'
[0.410s] Level 1:colcon.colcon_core.package_identification:_identify(my_turtle_recording) by extensions ['colcon_pkg']
[0.410s] Level 1:colcon.colcon_core.package_identification:_identify(my_turtle_recording) by extension 'colcon_pkg'
[0.410s] Level 1:colcon.colcon_core.package_identification:_identify(my_turtle_recording) by extensions ['colcon_meta']
[0.410s] Level 1:colcon.colcon_core.package_identification:_identify(my_turtle_recording) by extension 'colcon_meta'
[0.410s] Level 1:colcon.colcon_core.package_identification:_identify(my_turtle_recording) by extensions ['ros']
[0.410s] Level 1:colcon.colcon_core.package_identification:_identify(my_turtle_recording) by extension 'ros'
[0.410s] Level 1:colcon.colcon_core.package_identification:_identify(my_turtle_recording) by extensions ['cmake', 'python']
[0.411s] Level 1:colcon.colcon_core.package_identification:_identify(my_turtle_recording) by extension 'cmake'
[0.411s] Level 1:colcon.colcon_core.package_identification:_identify(my_turtle_recording) by extension 'python'
[0.411s] Level 1:colcon.colcon_core.package_identification:_identify(my_turtle_recording) by extensions ['python_setup_py']
[0.411s] Level 1:colcon.colcon_core.package_identification:_identify(my_turtle_recording) by extension 'python_setup_py'
[0.411s] Level 1:colcon.colcon_core.package_identification:_identify(ressources) by extensions ['ignore', 'ignore_ament_install']
[0.411s] Level 1:colcon.colcon_core.package_identification:_identify(ressources) by extension 'ignore'
[0.411s] Level 1:colcon.colcon_core.package_identification:_identify(ressources) by extension 'ignore_ament_install'
[0.411s] Level 1:colcon.colcon_core.package_identification:_identify(ressources) by extensions ['colcon_pkg']
[0.411s] Level 1:colcon.colcon_core.package_identification:_identify(ressources) by extension 'colcon_pkg'
[0.411s] Level 1:colcon.colcon_core.package_identification:_identify(ressources) by extensions ['colcon_meta']
[0.411s] Level 1:colcon.colcon_core.package_identification:_identify(ressources) by extension 'colcon_meta'
[0.411s] Level 1:colcon.colcon_core.package_identification:_identify(ressources) by extensions ['ros']
[0.411s] Level 1:colcon.colcon_core.package_identification:_identify(ressources) by extension 'ros'
[0.411s] Level 1:colcon.colcon_core.package_identification:_identify(ressources) by extensions ['cmake', 'python']
[0.412s] Level 1:colcon.colcon_core.package_identification:_identify(ressources) by extension 'cmake'
[0.412s] Level 1:colcon.colcon_core.package_identification:_identify(ressources) by extension 'python'
[0.412s] Level 1:colcon.colcon_core.package_identification:_identify(ressources) by extensions ['python_setup_py']
[0.412s] Level 1:colcon.colcon_core.package_identification:_identify(ressources) by extension 'python_setup_py'
[0.412s] Level 1:colcon.colcon_core.package_identification:_identify(ressources/ROS2) by extensions ['ignore', 'ignore_ament_install']
[0.412s] Level 1:colcon.colcon_core.package_identification:_identify(ressources/ROS2) by extension 'ignore'
[0.412s] Level 1:colcon.colcon_core.package_identification:_identify(ressources/ROS2) by extension 'ignore_ament_install'
[0.412s] Level 1:colcon.colcon_core.package_identification:_identify(ressources/ROS2) by extensions ['colcon_pkg']
[0.412s] Level 1:colcon.colcon_core.package_identification:_identify(ressources/ROS2) by extension 'colcon_pkg'
[0.412s] Level 1:colcon.colcon_core.package_identification:_identify(ressources/ROS2) by extensions ['colcon_meta']
[0.412s] Level 1:colcon.colcon_core.package_identification:_identify(ressources/ROS2) by extension 'colcon_meta'
[0.412s] Level 1:colcon.colcon_core.package_identification:_identify(ressources/ROS2) by extensions ['ros']
[0.412s] Level 1:colcon.colcon_core.package_identification:_identify(ressources/ROS2) by extension 'ros'
[0.412s] Level 1:colcon.colcon_core.package_identification:_identify(ressources/ROS2) by extensions ['cmake', 'python']
[0.412s] Level 1:colcon.colcon_core.package_identification:_identify(ressources/ROS2) by extension 'cmake'
[0.412s] Level 1:colcon.colcon_core.package_identification:_identify(ressources/ROS2) by extension 'python'
[0.412s] Level 1:colcon.colcon_core.package_identification:_identify(ressources/ROS2) by extensions ['python_setup_py']
[0.412s] Level 1:colcon.colcon_core.package_identification:_identify(ressources/ROS2) by extension 'python_setup_py'
[0.412s] Level 1:colcon.colcon_core.package_identification:_identify(ressources/steps) by extensions ['ignore', 'ignore_ament_install']
[0.412s] Level 1:colcon.colcon_core.package_identification:_identify(ressources/steps) by extension 'ignore'
[0.413s] Level 1:colcon.colcon_core.package_identification:_identify(ressources/steps) by extension 'ignore_ament_install'
[0.413s] Level 1:colcon.colcon_core.package_identification:_identify(ressources/steps) by extensions ['colcon_pkg']
[0.413s] Level 1:colcon.colcon_core.package_identification:_identify(ressources/steps) by extension 'colcon_pkg'
[0.413s] Level 1:colcon.colcon_core.package_identification:_identify(ressources/steps) by extensions ['colcon_meta']
[0.413s] Level 1:colcon.colcon_core.package_identification:_identify(ressources/steps) by extension 'colcon_meta'
[0.413s] Level 1:colcon.colcon_core.package_identification:_identify(ressources/steps) by extensions ['ros']
[0.413s] Level 1:colcon.colcon_core.package_identification:_identify(ressources/steps) by extension 'ros'
[0.413s] Level 1:colcon.colcon_core.package_identification:_identify(ressources/steps) by extensions ['cmake', 'python']
[0.413s] Level 1:colcon.colcon_core.package_identification:_identify(ressources/steps) by extension 'cmake'
[0.413s] Level 1:colcon.colcon_core.package_identification:_identify(ressources/steps) by extension 'python'
[0.413s] Level 1:colcon.colcon_core.package_identification:_identify(ressources/steps) by extensions ['python_setup_py']
[0.413s] Level 1:colcon.colcon_core.package_identification:_identify(ressources/steps) by extension 'python_setup_py'
[0.413s] Level 1:colcon.colcon_core.package_identification:_identify(rosbag2_2026_01_23-12_34_58) by extensions ['ignore', 'ignore_ament_install']
[0.413s] Level 1:colcon.colcon_core.package_identification:_identify(rosbag2_2026_01_23-12_34_58) by extension 'ignore'
[0.413s] Level 1:colcon.colcon_core.package_identification:_identify(rosbag2_2026_01_23-12_34_58) by extension 'ignore_ament_install'
[0.413s] Level 1:colcon.colcon_core.package_identification:_identify(rosbag2_2026_01_23-12_34_58) by extensions ['colcon_pkg']
[0.413s] Level 1:colcon.colcon_core.package_identification:_identify(rosbag2_2026_01_23-12_34_58) by extension 'colcon_pkg'
[0.413s] Level 1:colcon.colcon_core.package_identification:_identify(rosbag2_2026_01_23-12_34_58) by extensions ['colcon_meta']
[0.413s] Level 1:colcon.colcon_core.package_identification:_identify(rosbag2_2026_01_23-12_34_58) by extension 'colcon_meta'
[0.413s] Level 1:colcon.colcon_core.package_identification:_identify(rosbag2_2026_01_23-12_34_58) by extensions ['ros']
[0.413s] Level 1:colcon.colcon_core.package_identification:_identify(rosbag2_2026_01_23-12_34_58) by extension 'ros'
[0.413s] Level 1:colcon.colcon_core.package_identification:_identify(rosbag2_2026_01_23-12_34_58) by extensions ['cmake', 'python']
[0.413s] Level 1:colcon.colcon_core.package_identification:_identify(rosbag2_2026_01_23-12_34_58) by extension 'cmake'
[0.413s] Level 1:colcon.colcon_core.package_identification:_identify(rosbag2_2026_01_23-12_34_58) by extension 'python'
[0.413s] Level 1:colcon.colcon_core.package_identification:_identify(rosbag2_2026_01_23-12_34_58) by extensions ['python_setup_py']
[0.413s] Level 1:colcon.colcon_core.package_identification:_identify(rosbag2_2026_01_23-12_34_58) by extension 'python_setup_py'
[0.413s] Level 1:colcon.colcon_core.package_identification:_identify(src) by extensions ['ignore', 'ignore_ament_install']
[0.414s] Level 1:colcon.colcon_core.package_identification:_identify(src) by extension 'ignore'
[0.414s] Level 1:colcon.colcon_core.package_identification:_identify(src) by extension 'ignore_ament_install'
[0.414s] Level 1:colcon.colcon_core.package_identification:_identify(src) by extensions ['colcon_pkg']
[0.414s] Level 1:colcon.colcon_core.package_identification:_identify(src) by extension 'colcon_pkg'
[0.414s] Level 1:colcon.colcon_core.package_identification:_identify(src) by extensions ['colcon_meta']
[0.414s] Level 1:colcon.colcon_core.package_identification:_identify(src) by extension 'colcon_meta'
[0.414s] Level 1:colcon.colcon_core.package_identification:_identify(src) by extensions ['ros']
[0.414s] Level 1:colcon.colcon_core.package_identification:_identify(src) by extension 'ros'
[0.414s] Level 1:colcon.colcon_core.package_identification:_identify(src) by extensions ['cmake', 'python']
[0.414s] Level 1:colcon.colcon_core.package_identification:_identify(src) by extension 'cmake'
[0.414s] Level 1:colcon.colcon_core.package_identification:_identify(src) by extension 'python'
[0.414s] Level 1:colcon.colcon_core.package_identification:_identify(src) by extensions ['python_setup_py']
[0.414s] Level 1:colcon.colcon_core.package_identification:_identify(src) by extension 'python_setup_py'
[0.414s] Level 1:colcon.colcon_core.package_identification:_identify(src/my_first_pkg) by extensions ['ignore', 'ignore_ament_install']
[0.414s] Level 1:colcon.colcon_core.package_identification:_identify(src/my_first_pkg) by extension 'ignore'
[0.414s] Level 1:colcon.colcon_core.package_identification:_identify(src/my_first_pkg) by extension 'ignore_ament_install'
[0.414s] Level 1:colcon.colcon_core.package_identification:_identify(src/my_first_pkg) by extensions ['colcon_pkg']
[0.414s] Level 1:colcon.colcon_core.package_identification:_identify(src/my_first_pkg) by extension 'colcon_pkg'
[0.415s] Level 1:colcon.colcon_core.package_identification:_identify(src/my_first_pkg) by extensions ['colcon_meta']
[0.415s] Level 1:colcon.colcon_core.package_identification:_identify(src/my_first_pkg) by extension 'colcon_meta'
[0.415s] Level 1:colcon.colcon_core.package_identification:_identify(src/my_first_pkg) by extensions ['ros']
[0.415s] Level 1:colcon.colcon_core.package_identification:_identify(src/my_first_pkg) by extension 'ros'
[0.420s] DEBUG:colcon.colcon_core.package_identification:Package 'src/my_first_pkg' with type 'ros.ament_python' and name 'my_first_pkg'
[0.420s] Level 1:colcon.colcon_core.package_identification:_identify(src/simple_arm_control) by extensions ['ignore', 'ignore_ament_install']
[0.420s] Level 1:colcon.colcon_core.package_identification:_identify(src/simple_arm_control) by extension 'ignore'
[0.420s] Level 1:colcon.colcon_core.package_identification:_identify(src/simple_arm_control) by extension 'ignore_ament_install'
[0.421s] Level 1:colcon.colcon_core.package_identification:_identify(src/simple_arm_control) by extensions ['colcon_pkg']
[0.421s] Level 1:colcon.colcon_core.package_identification:_identify(src/simple_arm_control) by extension 'colcon_pkg'
[0.421s] Level 1:colcon.colcon_core.package_identification:_identify(src/simple_arm_control) by extensions ['colcon_meta']
[0.421s] Level 1:colcon.colcon_core.package_identification:_identify(src/simple_arm_control) by extension 'colcon_meta'
[0.421s] Level 1:colcon.colcon_core.package_identification:_identify(src/simple_arm_control) by extensions ['ros']
[0.421s] Level 1:colcon.colcon_core.package_identification:_identify(src/simple_arm_control) by extension 'ros'
[0.421s] DEBUG:colcon.colcon_core.package_identification:Package 'src/simple_arm_control' with type 'ros.ament_python' and name 'simple_arm_control'
[0.421s] Level 1:colcon.colcon_core.package_identification:_identify(src/simple_arm_description) by extensions ['ignore', 'ignore_ament_install']
[0.421s] Level 1:colcon.colcon_core.package_identification:_identify(src/simple_arm_description) by extension 'ignore'
[0.422s] Level 1:colcon.colcon_core.package_identification:_identify(src/simple_arm_description) by extension 'ignore_ament_install'
[0.422s] Level 1:colcon.colcon_core.package_identification:_identify(src/simple_arm_description) by extensions ['colcon_pkg']
[0.422s] Level 1:colcon.colcon_core.package_identification:_identify(src/simple_arm_description) by extension 'colcon_pkg'
[0.422s] Level 1:colcon.colcon_core.package_identification:_identify(src/simple_arm_description) by extensions ['colcon_meta']
[0.422s] Level 1:colcon.colcon_core.package_identification:_identify(src/simple_arm_description) by extension 'colcon_meta'
[0.422s] Level 1:colcon.colcon_core.package_identification:_identify(src/simple_arm_description) by extensions ['ros']
[0.422s] Level 1:colcon.colcon_core.package_identification:_identify(src/simple_arm_description) by extension 'ros'
[0.422s] DEBUG:colcon.colcon_core.package_identification:Package 'src/simple_arm_description' with type 'ros.ament_cmake' and name 'simple_arm_description'
[0.422s] Level 1:colcon.colcon_core.package_identification:_identify(src/simple_arm_interfaces) by extensions ['ignore', 'ignore_ament_install']
[0.422s] Level 1:colcon.colcon_core.package_identification:_identify(src/simple_arm_interfaces) by extension 'ignore'
[0.423s] Level 1:colcon.colcon_core.package_identification:_identify(src/simple_arm_interfaces) by extension 'ignore_ament_install'
[0.423s] Level 1:colcon.colcon_core.package_identification:_identify(src/simple_arm_interfaces) by extensions ['colcon_pkg']
[0.423s] Level 1:colcon.colcon_core.package_identification:_identify(src/simple_arm_interfaces) by extension 'colcon_pkg'
[0.423s] Level 1:colcon.colcon_core.package_identification:_identify(src/simple_arm_interfaces) by extensions ['colcon_meta']
[0.423s] Level 1:colcon.colcon_core.package_identification:_identify(src/simple_arm_interfaces) by extension 'colcon_meta'
[0.423s] Level 1:colcon.colcon_core.package_identification:_identify(src/simple_arm_interfaces) by extensions ['ros']
[0.423s] Level 1:colcon.colcon_core.package_identification:_identify(src/simple_arm_interfaces) by extension 'ros'
[0.423s] DEBUG:colcon.colcon_core.package_identification:Package 'src/simple_arm_interfaces' with type 'ros.ament_cmake' and name 'simple_arm_interfaces'
[0.423s] Level 1:colcon.colcon_core.package_identification:_identify(steps) by extensions ['ignore', 'ignore_ament_install']
[0.423s] Level 1:colcon.colcon_core.package_identification:_identify(steps) by extension 'ignore'
[0.423s] Level 1:colcon.colcon_core.package_identification:_identify(steps) by extension 'ignore_ament_install'
[0.424s] Level 1:colcon.colcon_core.package_identification:_identify(steps) by extensions ['colcon_pkg']
[0.424s] Level 1:colcon.colcon_core.package_identification:_identify(steps) by extension 'colcon_pkg'
[0.424s] Level 1:colcon.colcon_core.package_identification:_identify(steps) by extensions ['colcon_meta']
[0.424s] Level 1:colcon.colcon_core.package_identification:_identify(steps) by extension 'colcon_meta'
[0.424s] Level 1:colcon.colcon_core.package_identification:_identify(steps) by extensions ['ros']
[0.424s] Level 1:colcon.colcon_core.package_identification:_identify(steps) by extension 'ros'
[0.424s] Level 1:colcon.colcon_core.package_identification:_identify(steps) by extensions ['cmake', 'python']
[0.424s] Level 1:colcon.colcon_core.package_identification:_identify(steps) by extension 'cmake'
[0.424s] Level 1:colcon.colcon_core.package_identification:_identify(steps) by extension 'python'
[0.424s] Level 1:colcon.colcon_core.package_identification:_identify(steps) by extensions ['python_setup_py']
[0.424s] Level 1:colcon.colcon_core.package_identification:_identify(steps) by extension 'python_setup_py'
[0.424s] Level 1:colcon.colcon_core.package_discovery:discover_packages(recursive) using defaults
[0.424s] Level 1:colcon.colcon_core.package_discovery:discover_packages(ignore) discover
[0.424s] Level 1:colcon.colcon_core.package_discovery:discover_packages(ignore) using defaults
[0.424s] Level 1:colcon.colcon_core.package_discovery:discover_packages(path) discover
[0.424s] Level 1:colcon.colcon_core.package_discovery:discover_packages(path) using defaults
[0.461s] INFO:colcon.colcon_core.package_selection:Skipping not selected package 'my_first_pkg' in 'src/my_first_pkg'
[0.461s] INFO:colcon.colcon_core.package_selection:Skipping not selected package 'simple_arm_control' in 'src/simple_arm_control'
[0.461s] INFO:colcon.colcon_core.package_selection:Skipping not selected package 'simple_arm_description' in 'src/simple_arm_description'
[0.462s] Level 1:colcon.colcon_core.package_discovery:discover_packages(prefix_path) check parameters
[0.462s] Level 1:colcon.colcon_core.package_discovery:discover_packages(prefix_path) discover
[0.467s] DEBUG:colcon.colcon_installed_package_information.package_discovery:Found 3 installed packages in /home/shoky/ros2_ws/install
[0.469s] DEBUG:colcon.colcon_installed_package_information.package_discovery:Found 285 installed packages in /opt/ros/jazzy
[0.471s] Level 1:colcon.colcon_core.package_discovery:discover_packages(prefix_path) using defaults
[0.564s] Level 5:colcon.colcon_core.verb:set package 'simple_arm_interfaces' build argument 'cmake_args' from command line to 'None'
[0.564s] Level 5:colcon.colcon_core.verb:set package 'simple_arm_interfaces' build argument 'cmake_target' from command line to 'None'
[0.564s] Level 5:colcon.colcon_core.verb:set package 'simple_arm_interfaces' build argument 'cmake_target_skip_unavailable' from command line to 'False'
[0.564s] Level 5:colcon.colcon_core.verb:set package 'simple_arm_interfaces' build argument 'cmake_clean_cache' from command line to 'False'
[0.564s] Level 5:colcon.colcon_core.verb:set package 'simple_arm_interfaces' build argument 'cmake_clean_first' from command line to 'False'
[0.564s] Level 5:colcon.colcon_core.verb:set package 'simple_arm_interfaces' build argument 'cmake_force_configure' from command line to 'False'
[0.564s] Level 5:colcon.colcon_core.verb:set package 'simple_arm_interfaces' build argument 'ament_cmake_args' from command line to 'None'
[0.564s] Level 5:colcon.colcon_core.verb:set package 'simple_arm_interfaces' build argument 'catkin_cmake_args' from command line to 'None'
[0.564s] Level 5:colcon.colcon_core.verb:set package 'simple_arm_interfaces' build argument 'catkin_skip_building_tests' from command line to 'False'
[0.564s] DEBUG:colcon.colcon_core.verb:Building package 'simple_arm_interfaces' with the following arguments: {'ament_cmake_args': None, 'build_base': '/home/shoky/ros2_ws/build/simple_arm_interfaces', 'catkin_cmake_args': None, 'catkin_skip_building_tests': False, 'cmake_args': None, 'cmake_clean_cache': False, 'cmake_clean_first': False, 'cmake_force_configure': False, 'cmake_target': None, 'cmake_target_skip_unavailable': False, 'install_base': '/home/shoky/ros2_ws/install/simple_arm_interfaces', 'merge_install': False, 'path': '/home/shoky/ros2_ws/src/simple_arm_interfaces', 'symlink_install': False, 'test_result_base': None}
[0.564s] INFO:colcon.colcon_core.executor:Executing jobs using 'parallel' executor
[0.565s] DEBUG:colcon.colcon_parallel_executor.executor.parallel:run_until_complete
[0.565s] INFO:colcon.colcon_ros.task.ament_cmake.build:Building ROS package in '/home/shoky/ros2_ws/src/simple_arm_interfaces' with build type 'ament_cmake'
[0.565s] INFO:colcon.colcon_cmake.task.cmake.build:Building CMake package in '/home/shoky/ros2_ws/src/simple_arm_interfaces'
[0.572s] INFO:colcon.colcon_core.plugin_system:Skipping extension 'colcon_core.shell.bat': Not used on non-Windows systems
[0.572s] INFO:colcon.colcon_core.shell:Skip shell extension 'powershell' for command environment: Not usable outside of PowerShell
[0.572s] DEBUG:colcon.colcon_core.shell:Skip shell extension 'dsv' for command environment
[0.582s] DEBUG:colcon.colcon_core.event_handler.log_command:Invoking command in '/home/shoky/ros2_ws/build/simple_arm_interfaces': CMAKE_PREFIX_PATH=${CMAKE_PREFIX_PATH}:/home/shoky/ros2_ws/install/simple_arm_control:/home/shoky/ros2_ws/install/my_first_pkg:/opt/ros/jazzy /usr/bin/cmake /home/shoky/ros2_ws/src/simple_arm_interfaces -DCMAKE_INSTALL_PREFIX=/home/shoky/ros2_ws/install/simple_arm_interfaces
[4.829s] DEBUG:colcon.colcon_core.event_handler.log_command:Invoked command in '/home/shoky/ros2_ws/build/simple_arm_interfaces' returned '0': CMAKE_PREFIX_PATH=${CMAKE_PREFIX_PATH}:/home/shoky/ros2_ws/install/simple_arm_control:/home/shoky/ros2_ws/install/my_first_pkg:/opt/ros/jazzy /usr/bin/cmake /home/shoky/ros2_ws/src/simple_arm_interfaces -DCMAKE_INSTALL_PREFIX=/home/shoky/ros2_ws/install/simple_arm_interfaces
[4.831s] DEBUG:colcon.colcon_core.event_handler.log_command:Invoking command in '/home/shoky/ros2_ws/build/simple_arm_interfaces': CMAKE_PREFIX_PATH=${CMAKE_PREFIX_PATH}:/home/shoky/ros2_ws/install/simple_arm_control:/home/shoky/ros2_ws/install/my_first_pkg:/opt/ros/jazzy /usr/bin/cmake --build /home/shoky/ros2_ws/build/simple_arm_interfaces -- -j8 -l8
[6.593s] DEBUG:colcon.colcon_core.event_handler.log_command:Invoked command in '/home/shoky/ros2_ws/build/simple_arm_interfaces' returned '0': CMAKE_PREFIX_PATH=${CMAKE_PREFIX_PATH}:/home/shoky/ros2_ws/install/simple_arm_control:/home/shoky/ros2_ws/install/my_first_pkg:/opt/ros/jazzy /usr/bin/cmake --build /home/shoky/ros2_ws/build/simple_arm_interfaces -- -j8 -l8
[6.598s] DEBUG:colcon.colcon_core.event_handler.log_command:Invoking command in '/home/shoky/ros2_ws/build/simple_arm_interfaces': CMAKE_PREFIX_PATH=${CMAKE_PREFIX_PATH}:/home/shoky/ros2_ws/install/simple_arm_control:/home/shoky/ros2_ws/install/my_first_pkg:/opt/ros/jazzy /usr/bin/cmake --install /home/shoky/ros2_ws/build/simple_arm_interfaces
[6.646s] Level 1:colcon.colcon_core.environment:create_environment_scripts_only(simple_arm_interfaces)
[6.646s] DEBUG:colcon.colcon_core.event_handler.log_command:Invoked command in '/home/shoky/ros2_ws/build/simple_arm_interfaces' returned '0': CMAKE_PREFIX_PATH=${CMAKE_PREFIX_PATH}:/home/shoky/ros2_ws/install/simple_arm_control:/home/shoky/ros2_ws/install/my_first_pkg:/opt/ros/jazzy /usr/bin/cmake --install /home/shoky/ros2_ws/build/simple_arm_interfaces
[6.653s] Level 1:colcon.colcon_core.environment:checking '/home/shoky/ros2_ws/install/simple_arm_interfaces' for CMake module files
[6.654s] Level 1:colcon.colcon_core.environment:checking '/home/shoky/ros2_ws/install/simple_arm_interfaces' for CMake config files
[6.654s] Level 1:colcon.colcon_core.shell:create_environment_hook('simple_arm_interfaces', 'cmake_prefix_path')
[6.654s] INFO:colcon.colcon_core.shell:Creating environment hook '/home/shoky/ros2_ws/install/simple_arm_interfaces/share/simple_arm_interfaces/hook/cmake_prefix_path.ps1'
[6.655s] INFO:colcon.colcon_core.shell:Creating environment descriptor '/home/shoky/ros2_ws/install/simple_arm_interfaces/share/simple_arm_interfaces/hook/cmake_prefix_path.dsv'
[6.656s] INFO:colcon.colcon_core.shell:Creating environment hook '/home/shoky/ros2_ws/install/simple_arm_interfaces/share/simple_arm_interfaces/hook/cmake_prefix_path.sh'
[6.656s] Level 1:colcon.colcon_core.environment:checking '/home/shoky/ros2_ws/install/simple_arm_interfaces/lib'
[6.657s] Level 1:colcon.colcon_core.shell:create_environment_hook('simple_arm_interfaces', 'ld_library_path_lib')
[6.657s] INFO:colcon.colcon_core.shell:Creating environment hook '/home/shoky/ros2_ws/install/simple_arm_interfaces/share/simple_arm_interfaces/hook/ld_library_path_lib.ps1'
[6.657s] INFO:colcon.colcon_core.shell:Creating environment descriptor '/home/shoky/ros2_ws/install/simple_arm_interfaces/share/simple_arm_interfaces/hook/ld_library_path_lib.dsv'
[6.657s] INFO:colcon.colcon_core.shell:Creating environment hook '/home/shoky/ros2_ws/install/simple_arm_interfaces/share/simple_arm_interfaces/hook/ld_library_path_lib.sh'
[6.657s] Level 1:colcon.colcon_core.environment:checking '/home/shoky/ros2_ws/install/simple_arm_interfaces/bin'
[6.657s] Level 1:colcon.colcon_core.environment:checking '/home/shoky/ros2_ws/install/simple_arm_interfaces/lib/pkgconfig/simple_arm_interfaces.pc'
[6.657s] Level 1:colcon.colcon_core.environment:checking '/home/shoky/ros2_ws/install/simple_arm_interfaces/lib/python3.12/site-packages'
[6.657s] Level 1:colcon.colcon_core.shell:create_environment_hook('simple_arm_interfaces', 'pythonpath')
[6.657s] INFO:colcon.colcon_core.shell:Creating environment hook '/home/shoky/ros2_ws/install/simple_arm_interfaces/share/simple_arm_interfaces/hook/pythonpath.ps1'
[6.658s] INFO:colcon.colcon_core.shell:Creating environment descriptor '/home/shoky/ros2_ws/install/simple_arm_interfaces/share/simple_arm_interfaces/hook/pythonpath.dsv'
[6.658s] INFO:colcon.colcon_core.shell:Creating environment hook '/home/shoky/ros2_ws/install/simple_arm_interfaces/share/simple_arm_interfaces/hook/pythonpath.sh'
[6.658s] Level 1:colcon.colcon_core.environment:checking '/home/shoky/ros2_ws/install/simple_arm_interfaces/bin'
[6.658s] INFO:colcon.colcon_core.shell:Creating package script '/home/shoky/ros2_ws/install/simple_arm_interfaces/share/simple_arm_interfaces/package.ps1'
[6.659s] INFO:colcon.colcon_core.shell:Creating package descriptor '/home/shoky/ros2_ws/install/simple_arm_interfaces/share/simple_arm_interfaces/package.dsv'
[6.659s] INFO:colcon.colcon_core.shell:Creating package script '/home/shoky/ros2_ws/install/simple_arm_interfaces/share/simple_arm_interfaces/package.sh'
[6.660s] INFO:colcon.colcon_core.shell:Creating package script '/home/shoky/ros2_ws/install/simple_arm_interfaces/share/simple_arm_interfaces/package.bash'
[6.661s] INFO:colcon.colcon_core.shell:Creating package script '/home/shoky/ros2_ws/install/simple_arm_interfaces/share/simple_arm_interfaces/package.zsh'
[6.662s] Level 1:colcon.colcon_core.environment:create_file_with_runtime_dependencies(/home/shoky/ros2_ws/install/simple_arm_interfaces/share/colcon-core/packages/simple_arm_interfaces)
[6.662s] Level 1:colcon.colcon_core.environment:create_environment_scripts_only(simple_arm_interfaces)
[6.662s] Level 1:colcon.colcon_core.environment:checking '/home/shoky/ros2_ws/install/simple_arm_interfaces' for CMake module files
[6.662s] Level 1:colcon.colcon_core.environment:checking '/home/shoky/ros2_ws/install/simple_arm_interfaces' for CMake config files
[6.663s] Level 1:colcon.colcon_core.shell:create_environment_hook('simple_arm_interfaces', 'cmake_prefix_path')
[6.663s] INFO:colcon.colcon_core.shell:Creating environment hook '/home/shoky/ros2_ws/install/simple_arm_interfaces/share/simple_arm_interfaces/hook/cmake_prefix_path.ps1'
[6.663s] INFO:colcon.colcon_core.shell:Creating environment descriptor '/home/shoky/ros2_ws/install/simple_arm_interfaces/share/simple_arm_interfaces/hook/cmake_prefix_path.dsv'
[6.663s] INFO:colcon.colcon_core.shell:Creating environment hook '/home/shoky/ros2_ws/install/simple_arm_interfaces/share/simple_arm_interfaces/hook/cmake_prefix_path.sh'
[6.663s] Level 1:colcon.colcon_core.environment:checking '/home/shoky/ros2_ws/install/simple_arm_interfaces/lib'
[6.663s] Level 1:colcon.colcon_core.shell:create_environment_hook('simple_arm_interfaces', 'ld_library_path_lib')
[6.663s] INFO:colcon.colcon_core.shell:Creating environment hook '/home/shoky/ros2_ws/install/simple_arm_interfaces/share/simple_arm_interfaces/hook/ld_library_path_lib.ps1'
[6.663s] INFO:colcon.colcon_core.shell:Creating environment descriptor '/home/shoky/ros2_ws/install/simple_arm_interfaces/share/simple_arm_interfaces/hook/ld_library_path_lib.dsv'
[6.664s] INFO:colcon.colcon_core.shell:Creating environment hook '/home/shoky/ros2_ws/install/simple_arm_interfaces/share/simple_arm_interfaces/hook/ld_library_path_lib.sh'
[6.664s] Level 1:colcon.colcon_core.environment:checking '/home/shoky/ros2_ws/install/simple_arm_interfaces/bin'
[6.664s] Level 1:colcon.colcon_core.environment:checking '/home/shoky/ros2_ws/install/simple_arm_interfaces/lib/pkgconfig/simple_arm_interfaces.pc'
[6.664s] Level 1:colcon.colcon_core.environment:checking '/home/shoky/ros2_ws/install/simple_arm_interfaces/lib/python3.12/site-packages'
[6.664s] Level 1:colcon.colcon_core.shell:create_environment_hook('simple_arm_interfaces', 'pythonpath')
[6.664s] INFO:colcon.colcon_core.shell:Creating environment hook '/home/shoky/ros2_ws/install/simple_arm_interfaces/share/simple_arm_interfaces/hook/pythonpath.ps1'
[6.664s] INFO:colcon.colcon_core.shell:Creating environment descriptor '/home/shoky/ros2_ws/install/simple_arm_interfaces/share/simple_arm_interfaces/hook/pythonpath.dsv'
[6.665s] INFO:colcon.colcon_core.shell:Creating environment hook '/home/shoky/ros2_ws/install/simple_arm_interfaces/share/simple_arm_interfaces/hook/pythonpath.sh'
[6.665s] Level 1:colcon.colcon_core.environment:checking '/home/shoky/ros2_ws/install/simple_arm_interfaces/bin'
[6.665s] INFO:colcon.colcon_core.shell:Creating package script '/home/shoky/ros2_ws/install/simple_arm_interfaces/share/simple_arm_interfaces/package.ps1'
[6.665s] INFO:colcon.colcon_core.shell:Creating package descriptor '/home/shoky/ros2_ws/install/simple_arm_interfaces/share/simple_arm_interfaces/package.dsv'
[6.665s] INFO:colcon.colcon_core.shell:Creating package script '/home/shoky/ros2_ws/install/simple_arm_interfaces/share/simple_arm_interfaces/package.sh'
[6.666s] INFO:colcon.colcon_core.shell:Creating package script '/home/shoky/ros2_ws/install/simple_arm_interfaces/share/simple_arm_interfaces/package.bash'
[6.666s] INFO:colcon.colcon_core.shell:Creating package script '/home/shoky/ros2_ws/install/simple_arm_interfaces/share/simple_arm_interfaces/package.zsh'
[6.666s] Level 1:colcon.colcon_core.environment:create_file_with_runtime_dependencies(/home/shoky/ros2_ws/install/simple_arm_interfaces/share/colcon-core/packages/simple_arm_interfaces)
[6.666s] DEBUG:colcon.colcon_parallel_executor.executor.parallel:closing loop
[6.667s] DEBUG:colcon.colcon_parallel_executor.executor.parallel:loop closed
[6.667s] DEBUG:colcon.colcon_parallel_executor.executor.parallel:run_until_complete finished with '0'
[6.667s] DEBUG:colcon.colcon_core.event_reactor:joining thread
[6.731s] INFO:colcon.colcon_core.plugin_system:Skipping extension 'colcon_notification.desktop_notification.notify_send': Could not find 'notify-send'
[6.731s] INFO:colcon.colcon_core.plugin_system:Skipping extension 'colcon_notification.desktop_notification.terminal_notifier': Not used on non-Darwin systems
[6.731s] INFO:colcon.colcon_core.plugin_system:Skipping extension 'colcon_notification.desktop_notification.win32': Not used on non-Windows systems
[6.731s] INFO:colcon.colcon_notification.desktop_notification:Sending desktop notification using 'notify2'
[6.777s] DEBUG:colcon.colcon_notification.desktop_notification.notify2:Failed to initialize notify2: org.freedesktop.DBus.Error.ServiceUnknown: The name org.freedesktop.Notifications was not provided by any .service files
[6.777s] DEBUG:colcon.colcon_core.event_reactor:joined thread
[6.777s] INFO:colcon.colcon_core.shell:Creating prefix script '/home/shoky/ros2_ws/install/local_setup.ps1'
[6.778s] INFO:colcon.colcon_core.shell:Creating prefix util module '/home/shoky/ros2_ws/install/_local_setup_util_ps1.py'
[6.778s] INFO:colcon.colcon_core.shell:Creating prefix chain script '/home/shoky/ros2_ws/install/setup.ps1'
[6.779s] INFO:colcon.colcon_core.shell:Creating prefix script '/home/shoky/ros2_ws/install/local_setup.sh'
[6.780s] INFO:colcon.colcon_core.shell:Creating prefix util module '/home/shoky/ros2_ws/install/_local_setup_util_sh.py'
[6.780s] INFO:colcon.colcon_core.shell:Creating prefix chain script '/home/shoky/ros2_ws/install/setup.sh'
[6.781s] INFO:colcon.colcon_core.shell:Creating prefix script '/home/shoky/ros2_ws/install/local_setup.bash'
[6.781s] INFO:colcon.colcon_core.shell:Creating prefix chain script '/home/shoky/ros2_ws/install/setup.bash'
[6.782s] INFO:colcon.colcon_core.shell:Creating prefix script '/home/shoky/ros2_ws/install/local_setup.zsh'
[6.782s] INFO:colcon.colcon_core.shell:Creating prefix chain script '/home/shoky/ros2_ws/install/setup.zsh'
