running egg_info
writing ../../build/simple_arm_control/simple_arm_control.egg-info/PKG-INFO
writing dependency_links to ../../build/simple_arm_control/simple_arm_control.egg-info/dependency_links.txt
writing entry points to ../../build/simple_arm_control/simple_arm_control.egg-info/entry_points.txt
writing requirements to ../../build/simple_arm_control/simple_arm_control.egg-info/requires.txt
writing top-level names to ../../build/simple_arm_control/simple_arm_control.egg-info/top_level.txt
reading manifest file '../../build/simple_arm_control/simple_arm_control.egg-info/SOURCES.txt'
writing manifest file '../../build/simple_arm_control/simple_arm_control.egg-info/SOURCES.txt'
running build
running build_py
copying simple_arm_control/gripper_client.py -> /home/shoky/ros2_ws/build/simple_arm_control/build/lib/simple_arm_control
copying simple_arm_control/gripper_server.py -> /home/shoky/ros2_ws/build/simple_arm_control/build/lib/simple_arm_control
running install
running install_lib
copying /home/shoky/ros2_ws/build/simple_arm_control/build/lib/simple_arm_control/gripper_client.py -> /home/shoky/ros2_ws/install/simple_arm_control/lib/python3.12/site-packages/simple_arm_control
copying /home/shoky/ros2_ws/build/simple_arm_control/build/lib/simple_arm_control/gripper_server.py -> /home/shoky/ros2_ws/install/simple_arm_control/lib/python3.12/site-packages/simple_arm_control
byte-compiling /home/shoky/ros2_ws/install/simple_arm_control/lib/python3.12/site-packages/simple_arm_control/gripper_client.py to gripper_client.cpython-312.pyc
byte-compiling /home/shoky/ros2_ws/install/simple_arm_control/lib/python3.12/site-packages/simple_arm_control/gripper_server.py to gripper_server.cpython-312.pyc
running install_data
running install_egg_info
removing '/home/shoky/ros2_ws/install/simple_arm_control/lib/python3.12/site-packages/simple_arm_control-0.0.0-py3.12.egg-info' (and everything under it)
Copying ../../build/simple_arm_control/simple_arm_control.egg-info to /home/shoky/ros2_ws/install/simple_arm_control/lib/python3.12/site-packages/simple_arm_control-0.0.0-py3.12.egg-info
running install_scripts
Installing gripper_client script to /home/shoky/ros2_ws/install/simple_arm_control/lib/simple_arm_control
Installing gripper_server script to /home/shoky/ros2_ws/install/simple_arm_control/lib/simple_arm_control
writing list of installed files to '/home/shoky/ros2_ws/build/simple_arm_control/install.log'
