[0.740s] Invoking command in '/home/shoky/ros2_ws/src/simple_arm_control': PYTHONPATH=/home/shoky/ros2_ws/build/simple_arm_control/prefix_override:/usr/lib/python3/dist-packages/colcon_core/task/python/colcon_distutils_commands:/home/shoky/ros2_ws/install/simple_arm_control/lib/python3.12/site-packages:${PYTHONPATH} /usr/bin/python3 -W ignore:setup.py install is deprecated -W ignore:easy_install command is deprecated setup.py egg_info --egg-base ../../build/simple_arm_control build --build-base /home/shoky/ros2_ws/build/simple_arm_control/build install --record /home/shoky/ros2_ws/build/simple_arm_control/install.log --single-version-externally-managed install_data
[0.850s] running egg_info
[0.856s] writing ../../build/simple_arm_control/simple_arm_control.egg-info/PKG-INFO
[0.857s] writing dependency_links to ../../build/simple_arm_control/simple_arm_control.egg-info/dependency_links.txt
[0.857s] writing entry points to ../../build/simple_arm_control/simple_arm_control.egg-info/entry_points.txt
[0.857s] writing requirements to ../../build/simple_arm_control/simple_arm_control.egg-info/requires.txt
[0.857s] writing top-level names to ../../build/simple_arm_control/simple_arm_control.egg-info/top_level.txt
[0.872s] reading manifest file '../../build/simple_arm_control/simple_arm_control.egg-info/SOURCES.txt'
[0.873s] writing manifest file '../../build/simple_arm_control/simple_arm_control.egg-info/SOURCES.txt'
[0.873s] running build
[0.873s] running build_py
[0.873s] copying simple_arm_control/gripper_client.py -> /home/shoky/ros2_ws/build/simple_arm_control/build/lib/simple_arm_control
[0.873s] copying simple_arm_control/gripper_server.py -> /home/shoky/ros2_ws/build/simple_arm_control/build/lib/simple_arm_control
[0.873s] running install
[0.876s] running install_lib
[0.884s] copying /home/shoky/ros2_ws/build/simple_arm_control/build/lib/simple_arm_control/gripper_client.py -> /home/shoky/ros2_ws/install/simple_arm_control/lib/python3.12/site-packages/simple_arm_control
[0.884s] copying /home/shoky/ros2_ws/build/simple_arm_control/build/lib/simple_arm_control/gripper_server.py -> /home/shoky/ros2_ws/install/simple_arm_control/lib/python3.12/site-packages/simple_arm_control
[0.885s] byte-compiling /home/shoky/ros2_ws/install/simple_arm_control/lib/python3.12/site-packages/simple_arm_control/gripper_client.py to gripper_client.cpython-312.pyc
[0.885s] byte-compiling /home/shoky/ros2_ws/install/simple_arm_control/lib/python3.12/site-packages/simple_arm_control/gripper_server.py to gripper_server.cpython-312.pyc
[0.885s] running install_data
[0.886s] running install_egg_info
[0.893s] removing '/home/shoky/ros2_ws/install/simple_arm_control/lib/python3.12/site-packages/simple_arm_control-0.0.0-py3.12.egg-info' (and everything under it)
[0.894s] Copying ../../build/simple_arm_control/simple_arm_control.egg-info to /home/shoky/ros2_ws/install/simple_arm_control/lib/python3.12/site-packages/simple_arm_control-0.0.0-py3.12.egg-info
[0.895s] running install_scripts
[0.945s] Installing gripper_client script to /home/shoky/ros2_ws/install/simple_arm_control/lib/simple_arm_control
[0.945s] Installing gripper_server script to /home/shoky/ros2_ws/install/simple_arm_control/lib/simple_arm_control
[0.945s] writing list of installed files to '/home/shoky/ros2_ws/build/simple_arm_control/install.log'
[0.959s] Invoked command in '/home/shoky/ros2_ws/src/simple_arm_control' returned '0': PYTHONPATH=/home/shoky/ros2_ws/build/simple_arm_control/prefix_override:/usr/lib/python3/dist-packages/colcon_core/task/python/colcon_distutils_commands:/home/shoky/ros2_ws/install/simple_arm_control/lib/python3.12/site-packages:${PYTHONPATH} /usr/bin/python3 -W ignore:setup.py install is deprecated -W ignore:easy_install command is deprecated setup.py egg_info --egg-base ../../build/simple_arm_control build --build-base /home/shoky/ros2_ws/build/simple_arm_control/build install --record /home/shoky/ros2_ws/build/simple_arm_control/install.log --single-version-externally-managed install_data
