[0.317s] DEBUG:colcon:Command line arguments: ['/usr/bin/colcon', 'build', '--packages-select', 'simple_arm_control']
[0.317s] DEBUG:colcon:Parsed command line arguments: Namespace(log_base=None, log_level=None, verb_name='build', build_base='build', install_base='install', merge_install=False, symlink_install=False, test_result_base=None, continue_on_error=False, executor='parallel', parallel_workers=8, event_handlers=None, ignore_user_meta=False, metas=['./colcon.meta'], base_paths=['.'], packages_ignore=None, packages_ignore_regex=None, paths=None, packages_up_to=None, packages_up_to_regex=None, packages_above=None, packages_above_and_dependencies=None, packages_above_depth=None, packages_select_by_dep=None, packages_skip_by_dep=None, packages_skip_up_to=None, packages_select_build_failed=False, packages_skip_build_finished=False, packages_select_test_failures=False, packages_skip_test_passed=False, packages_select=['simple_arm_control'], packages_skip=None, packages_select_regex=None, packages_skip_regex=None, packages_start=None, packages_end=None, allow_overriding=[], cmake_args=None, cmake_target=None, cmake_target_skip_unavailable=False, cmake_clean_cache=False, cmake_clean_first=False, cmake_force_configure=False, ament_cmake_args=None, catkin_cmake_args=None, catkin_skip_building_tests=False, verb_parser=<colcon_defaults.argument_parser.defaults.DefaultArgumentsDecorator object at 0x795acd85a390>, verb_extension=<colcon_core.verb.build.BuildVerb object at 0x795acd859e50>, main=<bound method BuildVerb.main of <colcon_core.verb.build.BuildVerb object at 0x795acd859e50>>)
[0.379s] Level 1:colcon.colcon_core.package_discovery:discover_packages(colcon_meta) check parameters
[0.379s] Level 1:colcon.colcon_core.package_discovery:discover_packages(recursive) check parameters
[0.379s] Level 1:colcon.colcon_core.package_discovery:discover_packages(ignore) check parameters
[0.379s] Level 1:colcon.colcon_core.package_discovery:discover_packages(path) check parameters
[0.379s] Level 1:colcon.colcon_core.package_discovery:discover_packages(colcon_meta) discover
[0.379s] Level 1:colcon.colcon_core.package_discovery:discover_packages(recursive) discover
[0.379s] INFO:colcon.colcon_core.package_discovery:Crawling recursively for packages in '/home/shoky/ros2_ws'
[0.379s] Level 1:colcon.colcon_core.package_identification:_identify(.) by extensions ['ignore', 'ignore_ament_install']
[0.379s] Level 1:colcon.colcon_core.package_identification:_identify(.) by extension 'ignore'
[0.379s] Level 1:colcon.colcon_core.package_identification:_identify(.) by extension 'ignore_ament_install'
[0.380s] Level 1:colcon.colcon_core.package_identification:_identify(.) by extensions ['colcon_pkg']
[0.380s] Level 1:colcon.colcon_core.package_identification:_identify(.) by extension 'colcon_pkg'
[0.380s] Level 1:colcon.colcon_core.package_identification:_identify(.) by extensions ['colcon_meta']
[0.380s] Level 1:colcon.colcon_core.package_identification:_identify(.) by extension 'colcon_meta'
[0.380s] Level 1:colcon.colcon_core.package_identification:_identify(.) by extensions ['ros']
[0.380s] Level 1:colcon.colcon_core.package_identification:_identify(.) by extension 'ros'
[0.417s] Level 1:colcon.colcon_core.package_identification:_identify(.) by extensions ['cmake', 'python']
[0.417s] Level 1:colcon.colcon_core.package_identification:_identify(.) by extension 'cmake'
[0.417s] Level 1:colcon.colcon_core.package_identification:_identify(.) by extension 'python'
[0.417s] Level 1:colcon.colcon_core.package_identification:_identify(.) by extensions ['python_setup_py']
[0.417s] Level 1:colcon.colcon_core.package_identification:_identify(.) by extension 'python_setup_py'
[0.417s] Level 1:colcon.colcon_core.package_identification:_identify(build) by extensions ['ignore', 'ignore_ament_install']
[0.417s] Level 1:colcon.colcon_core.package_identification:_identify(build) by extension 'ignore'
[0.417s] Level 1:colcon.colcon_core.package_identification:_identify(build) ignored
[0.417s] Level 1:colcon.colcon_core.package_identification:_identify(cheatsheet) by extensions ['ignore', 'ignore_ament_install']
[0.417s] Level 1:colcon.colcon_core.package_identification:_identify(cheatsheet) by extension 'ignore'
[0.418s] Level 1:colcon.colcon_core.package_identification:_identify(cheatsheet) by extension 'ignore_ament_install'
[0.418s] Level 1:colcon.colcon_core.package_identification:_identify(cheatsheet) by extensions ['colcon_pkg']
[0.418s] Level 1:colcon.colcon_core.package_identification:_identify(cheatsheet) by extension 'colcon_pkg'
[0.418s] Level 1:colcon.colcon_core.package_identification:_identify(cheatsheet) by extensions ['colcon_meta']
[0.418s] Level 1:colcon.colcon_core.package_identification:_identify(cheatsheet) by extension 'colcon_meta'
[0.418s] Level 1:colcon.colcon_core.package_identification:_identify(cheatsheet) by extensions ['ros']
[0.418s] Level 1:colcon.colcon_core.package_identification:_identify(cheatsheet) by extension 'ros'
[0.418s] Level 1:colcon.colcon_core.package_identification:_identify(cheatsheet) by extensions ['cmake', 'python']
[0.418s] Level 1:colcon.colcon_core.package_identification:_identify(cheatsheet) by extension 'cmake'
[0.418s] Level 1:colcon.colcon_core.package_identification:_identify(cheatsheet) by extension 'python'
[0.418s] Level 1:colcon.colcon_core.package_identification:_identify(cheatsheet) by extensions ['python_setup_py']
[0.418s] Level 1:colcon.colcon_core.package_identification:_identify(cheatsheet) by extension 'python_setup_py'
[0.418s] Level 1:colcon.colcon_core.package_identification:_identify(install) by extensions ['ignore', 'ignore_ament_install']
[0.418s] Level 1:colcon.colcon_core.package_identification:_identify(install) by extension 'ignore'
[0.418s] Level 1:colcon.colcon_core.package_identification:_identify(install) ignored
[0.418s] Level 1:colcon.colcon_core.package_identification:_identify(log) by extensions ['ignore', 'ignore_ament_install']
[0.418s] Level 1:colcon.colcon_core.package_identification:_identify(log) by extension 'ignore'
[0.418s] Level 1:colcon.colcon_core.package_identification:_identify(log) ignored
[0.419s] Level 1:colcon.colcon_core.package_identification:_identify(my_turtle_recording) by extensions ['ignore', 'ignore_ament_install']
[0.419s] Level 1:colcon.colcon_core.package_identification:_identify(my_turtle_recording) by extension 'ignore'
[0.419s] Level 1:colcon.colcon_core.package_identification:_identify(my_turtle_recording) by extension 'ignore_ament_install'
[0.419s] Level 1:colcon.colcon_core.package_identification:_identify(my_turtle_recording) by extensions ['colcon_pkg']
[0.419s] Level 1:colcon.colcon_core.package_identification:_identify(my_turtle_recording) by extension 'colcon_pkg'
[0.419s] Level 1:colcon.colcon_core.package_identification:_identify(my_turtle_recording) by extensions ['colcon_meta']
[0.419s] Level 1:colcon.colcon_core.package_identification:_identify(my_turtle_recording) by extension 'colcon_meta'
[0.419s] Level 1:colcon.colcon_core.package_identification:_identify(my_turtle_recording) by extensions ['ros']
[0.419s] Level 1:colcon.colcon_core.package_identification:_identify(my_turtle_recording) by extension 'ros'
[0.419s] Level 1:colcon.colcon_core.package_identification:_identify(my_turtle_recording) by extensions ['cmake', 'python']
[0.419s] Level 1:colcon.colcon_core.package_identification:_identify(my_turtle_recording) by extension 'cmake'
[0.419s] Level 1:colcon.colcon_core.package_identification:_identify(my_turtle_recording) by extension 'python'
[0.419s] Level 1:colcon.colcon_core.package_identification:_identify(my_turtle_recording) by extensions ['python_setup_py']
[0.419s] Level 1:colcon.colcon_core.package_identification:_identify(my_turtle_recording) by extension 'python_setup_py'
[0.419s] Level 1:colcon.colcon_core.package_identification:_identify(ressources) by extensions ['ignore', 'ignore_ament_install']
[0.419s] Level 1:colcon.colcon_core.package_identification:_identify(ressources) by extension 'ignore'
[0.419s] Level 1:colcon.colcon_core.package_identification:_identify(ressources) by extension 'ignore_ament_install'
[0.419s] Level 1:colcon.colcon_core.package_identification:_identify(ressources) by extensions ['colcon_pkg']
[0.419s] Level 1:colcon.colcon_core.package_identification:_identify(ressources) by extension 'colcon_pkg'
[0.419s] Level 1:colcon.colcon_core.package_identification:_identify(ressources) by extensions ['colcon_meta']
[0.419s] Level 1:colcon.colcon_core.package_identification:_identify(ressources) by extension 'colcon_meta'
[0.419s] Level 1:colcon.colcon_core.package_identification:_identify(ressources) by extensions ['ros']
[0.419s] Level 1:colcon.colcon_core.package_identification:_identify(ressources) by extension 'ros'
[0.419s] Level 1:colcon.colcon_core.package_identification:_identify(ressources) by extensions ['cmake', 'python']
[0.419s] Level 1:colcon.colcon_core.package_identification:_identify(ressources) by extension 'cmake'
[0.419s] Level 1:colcon.colcon_core.package_identification:_identify(ressources) by extension 'python'
[0.419s] Level 1:colcon.colcon_core.package_identification:_identify(ressources) by extensions ['python_setup_py']
[0.419s] Level 1:colcon.colcon_core.package_identification:_identify(ressources) by extension 'python_setup_py'
[0.420s] Level 1:colcon.colcon_core.package_identification:_identify(ressources/ROS2) by extensions ['ignore', 'ignore_ament_install']
[0.420s] Level 1:colcon.colcon_core.package_identification:_identify(ressources/ROS2) by extension 'ignore'
[0.420s] Level 1:colcon.colcon_core.package_identification:_identify(ressources/ROS2) by extension 'ignore_ament_install'
[0.420s] Level 1:colcon.colcon_core.package_identification:_identify(ressources/ROS2) by extensions ['colcon_pkg']
[0.420s] Level 1:colcon.colcon_core.package_identification:_identify(ressources/ROS2) by extension 'colcon_pkg'
[0.420s] Level 1:colcon.colcon_core.package_identification:_identify(ressources/ROS2) by extensions ['colcon_meta']
[0.420s] Level 1:colcon.colcon_core.package_identification:_identify(ressources/ROS2) by extension 'colcon_meta'
[0.420s] Level 1:colcon.colcon_core.package_identification:_identify(ressources/ROS2) by extensions ['ros']
[0.420s] Level 1:colcon.colcon_core.package_identification:_identify(ressources/ROS2) by extension 'ros'
[0.420s] Level 1:colcon.colcon_core.package_identification:_identify(ressources/ROS2) by extensions ['cmake', 'python']
[0.420s] Level 1:colcon.colcon_core.package_identification:_identify(ressources/ROS2) by extension 'cmake'
[0.420s] Level 1:colcon.colcon_core.package_identification:_identify(ressources/ROS2) by extension 'python'
[0.420s] Level 1:colcon.colcon_core.package_identification:_identify(ressources/ROS2) by extensions ['python_setup_py']
[0.420s] Level 1:colcon.colcon_core.package_identification:_identify(ressources/ROS2) by extension 'python_setup_py'
[0.421s] Level 1:colcon.colcon_core.package_identification:_identify(ressources/steps) by extensions ['ignore', 'ignore_ament_install']
[0.421s] Level 1:colcon.colcon_core.package_identification:_identify(ressources/steps) by extension 'ignore'
[0.421s] Level 1:colcon.colcon_core.package_identification:_identify(ressources/steps) by extension 'ignore_ament_install'
[0.421s] Level 1:colcon.colcon_core.package_identification:_identify(ressources/steps) by extensions ['colcon_pkg']
[0.421s] Level 1:colcon.colcon_core.package_identification:_identify(ressources/steps) by extension 'colcon_pkg'
[0.421s] Level 1:colcon.colcon_core.package_identification:_identify(ressources/steps) by extensions ['colcon_meta']
[0.421s] Level 1:colcon.colcon_core.package_identification:_identify(ressources/steps) by extension 'colcon_meta'
[0.421s] Level 1:colcon.colcon_core.package_identification:_identify(ressources/steps) by extensions ['ros']
[0.421s] Level 1:colcon.colcon_core.package_identification:_identify(ressources/steps) by extension 'ros'
[0.421s] Level 1:colcon.colcon_core.package_identification:_identify(ressources/steps) by extensions ['cmake', 'python']
[0.421s] Level 1:colcon.colcon_core.package_identification:_identify(ressources/steps) by extension 'cmake'
[0.421s] Level 1:colcon.colcon_core.package_identification:_identify(ressources/steps) by extension 'python'
[0.421s] Level 1:colcon.colcon_core.package_identification:_identify(ressources/steps) by extensions ['python_setup_py']
[0.421s] Level 1:colcon.colcon_core.package_identification:_identify(ressources/steps) by extension 'python_setup_py'
[0.421s] Level 1:colcon.colcon_core.package_identification:_identify(rosbag2_2026_01_23-12_34_58) by extensions ['ignore', 'ignore_ament_install']
[0.421s] Level 1:colcon.colcon_core.package_identification:_identify(rosbag2_2026_01_23-12_34_58) by extension 'ignore'
[0.421s] Level 1:colcon.colcon_core.package_identification:_identify(rosbag2_2026_01_23-12_34_58) by extension 'ignore_ament_install'
[0.421s] Level 1:colcon.colcon_core.package_identification:_identify(rosbag2_2026_01_23-12_34_58) by extensions ['colcon_pkg']
[0.421s] Level 1:colcon.colcon_core.package_identification:_identify(rosbag2_2026_01_23-12_34_58) by extension 'colcon_pkg'
[0.421s] Level 1:colcon.colcon_core.package_identification:_identify(rosbag2_2026_01_23-12_34_58) by extensions ['colcon_meta']
[0.421s] Level 1:colcon.colcon_core.package_identification:_identify(rosbag2_2026_01_23-12_34_58) by extension 'colcon_meta'
[0.421s] Level 1:colcon.colcon_core.package_identification:_identify(rosbag2_2026_01_23-12_34_58) by extensions ['ros']
[0.422s] Level 1:colcon.colcon_core.package_identification:_identify(rosbag2_2026_01_23-12_34_58) by extension 'ros'
[0.422s] Level 1:colcon.colcon_core.package_identification:_identify(rosbag2_2026_01_23-12_34_58) by extensions ['cmake', 'python']
[0.422s] Level 1:colcon.colcon_core.package_identification:_identify(rosbag2_2026_01_23-12_34_58) by extension 'cmake'
[0.422s] Level 1:colcon.colcon_core.package_identification:_identify(rosbag2_2026_01_23-12_34_58) by extension 'python'
[0.422s] Level 1:colcon.colcon_core.package_identification:_identify(rosbag2_2026_01_23-12_34_58) by extensions ['python_setup_py']
[0.422s] Level 1:colcon.colcon_core.package_identification:_identify(rosbag2_2026_01_23-12_34_58) by extension 'python_setup_py'
[0.422s] Level 1:colcon.colcon_core.package_identification:_identify(src) by extensions ['ignore', 'ignore_ament_install']
[0.422s] Level 1:colcon.colcon_core.package_identification:_identify(src) by extension 'ignore'
[0.422s] Level 1:colcon.colcon_core.package_identification:_identify(src) by extension 'ignore_ament_install'
[0.422s] Level 1:colcon.colcon_core.package_identification:_identify(src) by extensions ['colcon_pkg']
[0.422s] Level 1:colcon.colcon_core.package_identification:_identify(src) by extension 'colcon_pkg'
[0.422s] Level 1:colcon.colcon_core.package_identification:_identify(src) by extensions ['colcon_meta']
[0.422s] Level 1:colcon.colcon_core.package_identification:_identify(src) by extension 'colcon_meta'
[0.422s] Level 1:colcon.colcon_core.package_identification:_identify(src) by extensions ['ros']
[0.422s] Level 1:colcon.colcon_core.package_identification:_identify(src) by extension 'ros'
[0.422s] Level 1:colcon.colcon_core.package_identification:_identify(src) by extensions ['cmake', 'python']
[0.422s] Level 1:colcon.colcon_core.package_identification:_identify(src) by extension 'cmake'
[0.422s] Level 1:colcon.colcon_core.package_identification:_identify(src) by extension 'python'
[0.422s] Level 1:colcon.colcon_core.package_identification:_identify(src) by extensions ['python_setup_py']
[0.422s] Level 1:colcon.colcon_core.package_identification:_identify(src) by extension 'python_setup_py'
[0.422s] Level 1:colcon.colcon_core.package_identification:_identify(src/my_first_pkg) by extensions ['ignore', 'ignore_ament_install']
[0.422s] Level 1:colcon.colcon_core.package_identification:_identify(src/my_first_pkg) by extension 'ignore'
[0.422s] Level 1:colcon.colcon_core.package_identification:_identify(src/my_first_pkg) by extension 'ignore_ament_install'
[0.422s] Level 1:colcon.colcon_core.package_identification:_identify(src/my_first_pkg) by extensions ['colcon_pkg']
[0.422s] Level 1:colcon.colcon_core.package_identification:_identify(src/my_first_pkg) by extension 'colcon_pkg'
[0.422s] Level 1:colcon.colcon_core.package_identification:_identify(src/my_first_pkg) by extensions ['colcon_meta']
[0.422s] Level 1:colcon.colcon_core.package_identification:_identify(src/my_first_pkg) by extension 'colcon_meta'
[0.422s] Level 1:colcon.colcon_core.package_identification:_identify(src/my_first_pkg) by extensions ['ros']
[0.422s] Level 1:colcon.colcon_core.package_identification:_identify(src/my_first_pkg) by extension 'ros'
[0.425s] DEBUG:colcon.colcon_core.package_identification:Package 'src/my_first_pkg' with type 'ros.ament_python' and name 'my_first_pkg'
[0.425s] Level 1:colcon.colcon_core.package_identification:_identify(src/simple_arm_control) by extensions ['ignore', 'ignore_ament_install']
[0.425s] Level 1:colcon.colcon_core.package_identification:_identify(src/simple_arm_control) by extension 'ignore'
[0.425s] Level 1:colcon.colcon_core.package_identification:_identify(src/simple_arm_control) by extension 'ignore_ament_install'
[0.426s] Level 1:colcon.colcon_core.package_identification:_identify(src/simple_arm_control) by extensions ['colcon_pkg']
[0.426s] Level 1:colcon.colcon_core.package_identification:_identify(src/simple_arm_control) by extension 'colcon_pkg'
[0.426s] Level 1:colcon.colcon_core.package_identification:_identify(src/simple_arm_control) by extensions ['colcon_meta']
[0.426s] Level 1:colcon.colcon_core.package_identification:_identify(src/simple_arm_control) by extension 'colcon_meta'
[0.426s] Level 1:colcon.colcon_core.package_identification:_identify(src/simple_arm_control) by extensions ['ros']
[0.426s] Level 1:colcon.colcon_core.package_identification:_identify(src/simple_arm_control) by extension 'ros'
[0.426s] DEBUG:colcon.colcon_core.package_identification:Package 'src/simple_arm_control' with type 'ros.ament_python' and name 'simple_arm_control'
[0.426s] Level 1:colcon.colcon_core.package_identification:_identify(src/simple_arm_description) by extensions ['ignore', 'ignore_ament_install']
[0.426s] Level 1:colcon.colcon_core.package_identification:_identify(src/simple_arm_description) by extension 'ignore'
[0.426s] Level 1:colcon.colcon_core.package_identification:_identify(src/simple_arm_description) by extension 'ignore_ament_install'
[0.426s] Level 1:colcon.colcon_core.package_identification:_identify(src/simple_arm_description) by extensions ['colcon_pkg']
[0.426s] Level 1:colcon.colcon_core.package_identification:_identify(src/simple_arm_description) by extension 'colcon_pkg'
[0.426s] Level 1:colcon.colcon_core.package_identification:_identify(src/simple_arm_description) by extensions ['colcon_meta']
[0.426s] Level 1:colcon.colcon_core.package_identification:_identify(src/simple_arm_description) by extension 'colcon_meta'
[0.426s] Level 1:colcon.colcon_core.package_identification:_identify(src/simple_arm_description) by extensions ['ros']
[0.426s] Level 1:colcon.colcon_core.package_identification:_identify(src/simple_arm_description) by extension 'ros'
[0.427s] DEBUG:colcon.colcon_core.package_identification:Package 'src/simple_arm_description' with type 'ros.ament_cmake' and name 'simple_arm_description'
[0.427s] Level 1:colcon.colcon_core.package_identification:_identify(src/simple_arm_interfaces) by extensions ['ignore', 'ignore_ament_install']
[0.427s] Level 1:colcon.colcon_core.package_identification:_identify(src/simple_arm_interfaces) by extension 'ignore'
[0.427s] Level 1:colcon.colcon_core.package_identification:_identify(src/simple_arm_interfaces) by extension 'ignore_ament_install'
[0.427s] Level 1:colcon.colcon_core.package_identification:_identify(src/simple_arm_interfaces) by extensions ['colcon_pkg']
[0.427s] Level 1:colcon.colcon_core.package_identification:_identify(src/simple_arm_interfaces) by extension 'colcon_pkg'
[0.427s] Level 1:colcon.colcon_core.package_identification:_identify(src/simple_arm_interfaces) by extensions ['colcon_meta']
[0.427s] Level 1:colcon.colcon_core.package_identification:_identify(src/simple_arm_interfaces) by extension 'colcon_meta'
[0.427s] Level 1:colcon.colcon_core.package_identification:_identify(src/simple_arm_interfaces) by extensions ['ros']
[0.427s] Level 1:colcon.colcon_core.package_identification:_identify(src/simple_arm_interfaces) by extension 'ros'
[0.427s] DEBUG:colcon.colcon_core.package_identification:Package 'src/simple_arm_interfaces' with type 'ros.ament_cmake' and name 'simple_arm_interfaces'
[0.428s] Level 1:colcon.colcon_core.package_identification:_identify(steps) by extensions ['ignore', 'ignore_ament_install']
[0.428s] Level 1:colcon.colcon_core.package_identification:_identify(steps) by extension 'ignore'
[0.428s] Level 1:colcon.colcon_core.package_identification:_identify(steps) by extension 'ignore_ament_install'
[0.428s] Level 1:colcon.colcon_core.package_identification:_identify(steps) by extensions ['colcon_pkg']
[0.428s] Level 1:colcon.colcon_core.package_identification:_identify(steps) by extension 'colcon_pkg'
[0.428s] Level 1:colcon.colcon_core.package_identification:_identify(steps) by extensions ['colcon_meta']
[0.428s] Level 1:colcon.colcon_core.package_identification:_identify(steps) by extension 'colcon_meta'
[0.428s] Level 1:colcon.colcon_core.package_identification:_identify(steps) by extensions ['ros']
[0.428s] Level 1:colcon.colcon_core.package_identification:_identify(steps) by extension 'ros'
[0.428s] Level 1:colcon.colcon_core.package_identification:_identify(steps) by extensions ['cmake', 'python']
[0.428s] Level 1:colcon.colcon_core.package_identification:_identify(steps) by extension 'cmake'
[0.428s] Level 1:colcon.colcon_core.package_identification:_identify(steps) by extension 'python'
[0.428s] Level 1:colcon.colcon_core.package_identification:_identify(steps) by extensions ['python_setup_py']
[0.428s] Level 1:colcon.colcon_core.package_identification:_identify(steps) by extension 'python_setup_py'
[0.428s] Level 1:colcon.colcon_core.package_discovery:discover_packages(recursive) using defaults
[0.428s] Level 1:colcon.colcon_core.package_discovery:discover_packages(ignore) discover
[0.428s] Level 1:colcon.colcon_core.package_discovery:discover_packages(ignore) using defaults
[0.428s] Level 1:colcon.colcon_core.package_discovery:discover_packages(path) discover
[0.428s] Level 1:colcon.colcon_core.package_discovery:discover_packages(path) using defaults
[0.453s] INFO:colcon.colcon_core.package_selection:Skipping not selected package 'my_first_pkg' in 'src/my_first_pkg'
[0.453s] INFO:colcon.colcon_core.package_selection:Skipping not selected package 'simple_arm_description' in 'src/simple_arm_description'
[0.453s] INFO:colcon.colcon_core.package_selection:Skipping not selected package 'simple_arm_interfaces' in 'src/simple_arm_interfaces'
[0.453s] Level 1:colcon.colcon_core.package_discovery:discover_packages(prefix_path) check parameters
[0.453s] Level 1:colcon.colcon_core.package_discovery:discover_packages(prefix_path) discover
[0.458s] DEBUG:colcon.colcon_installed_package_information.package_discovery:Found 4 installed packages in /home/shoky/ros2_ws/install
[0.459s] DEBUG:colcon.colcon_installed_package_information.package_discovery:Found 285 installed packages in /opt/ros/jazzy
[0.460s] Level 1:colcon.colcon_core.package_discovery:discover_packages(prefix_path) using defaults
[0.541s] Level 5:colcon.colcon_core.verb:set package 'simple_arm_control' build argument 'cmake_args' from command line to 'None'
[0.541s] Level 5:colcon.colcon_core.verb:set package 'simple_arm_control' build argument 'cmake_target' from command line to 'None'
[0.541s] Level 5:colcon.colcon_core.verb:set package 'simple_arm_control' build argument 'cmake_target_skip_unavailable' from command line to 'False'
[0.541s] Level 5:colcon.colcon_core.verb:set package 'simple_arm_control' build argument 'cmake_clean_cache' from command line to 'False'
[0.541s] Level 5:colcon.colcon_core.verb:set package 'simple_arm_control' build argument 'cmake_clean_first' from command line to 'False'
[0.541s] Level 5:colcon.colcon_core.verb:set package 'simple_arm_control' build argument 'cmake_force_configure' from command line to 'False'
[0.541s] Level 5:colcon.colcon_core.verb:set package 'simple_arm_control' build argument 'ament_cmake_args' from command line to 'None'
[0.541s] Level 5:colcon.colcon_core.verb:set package 'simple_arm_control' build argument 'catkin_cmake_args' from command line to 'None'
[0.541s] Level 5:colcon.colcon_core.verb:set package 'simple_arm_control' build argument 'catkin_skip_building_tests' from command line to 'False'
[0.541s] DEBUG:colcon.colcon_core.verb:Building package 'simple_arm_control' with the following arguments: {'ament_cmake_args': None, 'build_base': '/home/shoky/ros2_ws/build/simple_arm_control', 'catkin_cmake_args': None, 'catkin_skip_building_tests': False, 'cmake_args': None, 'cmake_clean_cache': False, 'cmake_clean_first': False, 'cmake_force_configure': False, 'cmake_target': None, 'cmake_target_skip_unavailable': False, 'install_base': '/home/shoky/ros2_ws/install/simple_arm_control', 'merge_install': False, 'path': '/home/shoky/ros2_ws/src/simple_arm_control', 'symlink_install': False, 'test_result_base': None}
[0.541s] INFO:colcon.colcon_core.executor:Executing jobs using 'parallel' executor
[0.542s] DEBUG:colcon.colcon_parallel_executor.executor.parallel:run_until_complete
[0.542s] INFO:colcon.colcon_ros.task.ament_python.build:Building ROS package in '/home/shoky/ros2_ws/src/simple_arm_control' with build type 'ament_python'
[0.542s] Level 1:colcon.colcon_core.shell:create_environment_hook('simple_arm_control', 'ament_prefix_path')
[0.546s] INFO:colcon.colcon_core.plugin_system:Skipping extension 'colcon_core.shell.bat': Not used on non-Windows systems
[0.547s] INFO:colcon.colcon_core.shell:Creating environment hook '/home/shoky/ros2_ws/install/simple_arm_control/share/simple_arm_control/hook/ament_prefix_path.ps1'
[0.547s] INFO:colcon.colcon_core.shell:Creating environment descriptor '/home/shoky/ros2_ws/install/simple_arm_control/share/simple_arm_control/hook/ament_prefix_path.dsv'
[0.548s] INFO:colcon.colcon_core.shell:Creating environment hook '/home/shoky/ros2_ws/install/simple_arm_control/share/simple_arm_control/hook/ament_prefix_path.sh'
[0.548s] INFO:colcon.colcon_core.shell:Skip shell extension 'powershell' for command environment: Not usable outside of PowerShell
[0.548s] DEBUG:colcon.colcon_core.shell:Skip shell extension 'dsv' for command environment
[0.683s] INFO:colcon.colcon_core.task.python.build:Building Python package in '/home/shoky/ros2_ws/src/simple_arm_control'
[0.683s] INFO:colcon.colcon_core.shell:Skip shell extension 'powershell' for command environment: Not usable outside of PowerShell
[0.683s] DEBUG:colcon.colcon_core.shell:Skip shell extension 'dsv' for command environment
[1.282s] DEBUG:colcon.colcon_core.event_handler.log_command:Invoking command in '/home/shoky/ros2_ws/src/simple_arm_control': PYTHONPATH=/home/shoky/ros2_ws/build/simple_arm_control/prefix_override:/usr/lib/python3/dist-packages/colcon_core/task/python/colcon_distutils_commands:/home/shoky/ros2_ws/install/simple_arm_control/lib/python3.12/site-packages:${PYTHONPATH} /usr/bin/python3 -W ignore:setup.py install is deprecated -W ignore:easy_install command is deprecated setup.py egg_info --egg-base ../../build/simple_arm_control build --build-base /home/shoky/ros2_ws/build/simple_arm_control/build install --record /home/shoky/ros2_ws/build/simple_arm_control/install.log --single-version-externally-managed install_data
[1.502s] DEBUG:colcon.colcon_core.event_handler.log_command:Invoked command in '/home/shoky/ros2_ws/src/simple_arm_control' returned '0': PYTHONPATH=/home/shoky/ros2_ws/build/simple_arm_control/prefix_override:/usr/lib/python3/dist-packages/colcon_core/task/python/colcon_distutils_commands:/home/shoky/ros2_ws/install/simple_arm_control/lib/python3.12/site-packages:${PYTHONPATH} /usr/bin/python3 -W ignore:setup.py install is deprecated -W ignore:easy_install command is deprecated setup.py egg_info --egg-base ../../build/simple_arm_control build --build-base /home/shoky/ros2_ws/build/simple_arm_control/build install --record /home/shoky/ros2_ws/build/simple_arm_control/install.log --single-version-externally-managed install_data
[1.508s] Level 1:colcon.colcon_core.environment:checking '/home/shoky/ros2_ws/install/simple_arm_control' for CMake module files
[1.508s] Level 1:colcon.colcon_core.environment:checking '/home/shoky/ros2_ws/install/simple_arm_control' for CMake config files
[1.510s] Level 1:colcon.colcon_core.environment:checking '/home/shoky/ros2_ws/install/simple_arm_control/lib'
[1.510s] Level 1:colcon.colcon_core.environment:checking '/home/shoky/ros2_ws/install/simple_arm_control/bin'
[1.510s] Level 1:colcon.colcon_core.environment:checking '/home/shoky/ros2_ws/install/simple_arm_control/lib/pkgconfig/simple_arm_control.pc'
[1.510s] Level 1:colcon.colcon_core.environment:checking '/home/shoky/ros2_ws/install/simple_arm_control/lib/python3.12/site-packages'
[1.510s] Level 1:colcon.colcon_core.shell:create_environment_hook('simple_arm_control', 'pythonpath')
[1.510s] INFO:colcon.colcon_core.shell:Creating environment hook '/home/shoky/ros2_ws/install/simple_arm_control/share/simple_arm_control/hook/pythonpath.ps1'
[1.511s] INFO:colcon.colcon_core.shell:Creating environment descriptor '/home/shoky/ros2_ws/install/simple_arm_control/share/simple_arm_control/hook/pythonpath.dsv'
[1.511s] INFO:colcon.colcon_core.shell:Creating environment hook '/home/shoky/ros2_ws/install/simple_arm_control/share/simple_arm_control/hook/pythonpath.sh'
[1.511s] Level 1:colcon.colcon_core.environment:checking '/home/shoky/ros2_ws/install/simple_arm_control/bin'
[1.511s] Level 1:colcon.colcon_core.environment:create_environment_scripts_only(simple_arm_control)
[1.512s] INFO:colcon.colcon_core.shell:Creating package script '/home/shoky/ros2_ws/install/simple_arm_control/share/simple_arm_control/package.ps1'
[1.512s] INFO:colcon.colcon_core.shell:Creating package descriptor '/home/shoky/ros2_ws/install/simple_arm_control/share/simple_arm_control/package.dsv'
[1.513s] INFO:colcon.colcon_core.shell:Creating package script '/home/shoky/ros2_ws/install/simple_arm_control/share/simple_arm_control/package.sh'
[1.513s] INFO:colcon.colcon_core.shell:Creating package script '/home/shoky/ros2_ws/install/simple_arm_control/share/simple_arm_control/package.bash'
[1.514s] INFO:colcon.colcon_core.shell:Creating package script '/home/shoky/ros2_ws/install/simple_arm_control/share/simple_arm_control/package.zsh'
[1.514s] Level 1:colcon.colcon_core.environment:create_file_with_runtime_dependencies(/home/shoky/ros2_ws/install/simple_arm_control/share/colcon-core/packages/simple_arm_control)
[1.514s] DEBUG:colcon.colcon_parallel_executor.executor.parallel:closing loop
[1.515s] DEBUG:colcon.colcon_parallel_executor.executor.parallel:loop closed
[1.515s] DEBUG:colcon.colcon_parallel_executor.executor.parallel:run_until_complete finished with '0'
[1.515s] DEBUG:colcon.colcon_core.event_reactor:joining thread
[1.577s] INFO:colcon.colcon_core.plugin_system:Skipping extension 'colcon_notification.desktop_notification.notify_send': Could not find 'notify-send'
[1.577s] INFO:colcon.colcon_core.plugin_system:Skipping extension 'colcon_notification.desktop_notification.terminal_notifier': Not used on non-Darwin systems
[1.577s] INFO:colcon.colcon_core.plugin_system:Skipping extension 'colcon_notification.desktop_notification.win32': Not used on non-Windows systems
[1.577s] INFO:colcon.colcon_notification.desktop_notification:Sending desktop notification using 'notify2'
[1.579s] DEBUG:colcon.colcon_notification.desktop_notification.notify2:Failed to initialize notify2: org.freedesktop.DBus.Error.ServiceUnknown: The name org.freedesktop.Notifications was not provided by any .service files
[1.579s] DEBUG:colcon.colcon_core.event_reactor:joined thread
[1.579s] INFO:colcon.colcon_core.shell:Creating prefix script '/home/shoky/ros2_ws/install/local_setup.ps1'
[1.580s] INFO:colcon.colcon_core.shell:Creating prefix util module '/home/shoky/ros2_ws/install/_local_setup_util_ps1.py'
[1.580s] INFO:colcon.colcon_core.shell:Creating prefix chain script '/home/shoky/ros2_ws/install/setup.ps1'
[1.581s] INFO:colcon.colcon_core.shell:Creating prefix script '/home/shoky/ros2_ws/install/local_setup.sh'
[1.582s] INFO:colcon.colcon_core.shell:Creating prefix util module '/home/shoky/ros2_ws/install/_local_setup_util_sh.py'
[1.582s] INFO:colcon.colcon_core.shell:Creating prefix chain script '/home/shoky/ros2_ws/install/setup.sh'
[1.582s] INFO:colcon.colcon_core.shell:Creating prefix script '/home/shoky/ros2_ws/install/local_setup.bash'
[1.583s] INFO:colcon.colcon_core.shell:Creating prefix chain script '/home/shoky/ros2_ws/install/setup.bash'
[1.583s] INFO:colcon.colcon_core.shell:Creating prefix script '/home/shoky/ros2_ws/install/local_setup.zsh'
[1.584s] INFO:colcon.colcon_core.shell:Creating prefix chain script '/home/shoky/ros2_ws/install/setup.zsh'
