-- The C compiler identification is GNU 13.3.0
-- The CXX compiler identification is GNU 13.3.0
-- Detecting C compiler ABI info
-- Detecting C compiler ABI info - done
-- Check for working C compiler: /usr/bin/cc - skipped
-- Detecting C compile features
-- Detecting C compile features - done
-- Detecting CXX compiler ABI info
-- Detecting CXX compiler ABI info - done
-- Check for working CXX compiler: /usr/bin/c++ - skipped
-- Detecting CXX compile features
-- Detecting CXX compile features - done
-- Found ament_cmake: 2.5.4 (/opt/ros/jazzy/share/ament_cmake/cmake)
-- Found Python3: /usr/bin/python3 (found version "3.12.3") found components: Interpreter 
-- Found rosidl_default_generators: 1.6.0 (/opt/ros/jazzy/share/rosidl_default_generators/cmake)
-- Using all available rosidl_typesupport_c: rosidl_typesupport_fastrtps_c;rosidl_typesupport_introspection_c
-- Using all available rosidl_typesupport_cpp: rosidl_typesupport_fastrtps_cpp;rosidl_typesupport_introspection_cpp
-- Found rosidl_adapter: 4.6.6 (/opt/ros/jazzy/share/rosidl_adapter/cmake)
-- Found ament_cmake_ros: 0.12.0 (/opt/ros/jazzy/share/ament_cmake_ros/cmake)
-- Using all available rosidl_typesupport_c: rosidl_typesupport_fastrtps_c;rosidl_typesupport_introspection_c
-- Using all available rosidl_typesupport_cpp: rosidl_typesupport_fastrtps_cpp;rosidl_typesupport_introspection_cpp
-- Found python_cmake_module: 0.11.1 (/opt/ros/jazzy/share/python_cmake_module/cmake)
-- Found PythonExtra: /usr/bin/python3  
-- Found Python3: /usr/bin/python3 (found version "3.12.3") found components: Interpreter Development NumPy Development.Module Development.Embed 
-- Found ament_lint_auto: 0.17.3 (/opt/ros/jazzy/share/ament_lint_auto/cmake)
-- Added test 'lint_cmake' to check CMake code style
-- Added test 'xmllint' to check XML markup files
-- Configuring done (4.2s)
-- Generating done (0.0s)
-- Build files have been written to: /home/shoky/ros2_ws/build/simple_arm_interfaces
[  2%] [34m[1mGenerating type hashes for ROS interfaces[0m
[  2%] Built target ament_cmake_python_copy_simple_arm_interfaces
running egg_info
creating simple_arm_interfaces.egg-info
writing simple_arm_interfaces.egg-info/PKG-INFO
writing dependency_links to simple_arm_interfaces.egg-info/dependency_links.txt
[  2%] Built target simple_arm_interfaces__rosidl_generator_type_description
writing top-level names to simple_arm_interfaces.egg-info/top_level.txt
writing manifest file 'simple_arm_interfaces.egg-info/SOURCES.txt'
[  5%] [34m[1mGenerating C code for ROS interfaces[0m
[  8%] [34m[1mGenerating C++ code for ROS interfaces[0m
reading manifest file 'simple_arm_interfaces.egg-info/SOURCES.txt'
writing manifest file 'simple_arm_interfaces.egg-info/SOURCES.txt'
[  8%] Built target ament_cmake_python_build_simple_arm_interfaces_egg
[  8%] Built target simple_arm_interfaces__cpp
[ 11%] [32mBuilding C object CMakeFiles/simple_arm_interfaces__rosidl_generator_c.dir/rosidl_generator_c/simple_arm_interfaces/srv/detail/gripper_control__description.c.o[0m
[ 14%] [32mBuilding C object CMakeFiles/simple_arm_interfaces__rosidl_generator_c.dir/rosidl_generator_c/simple_arm_interfaces/srv/detail/gripper_control__type_support.c.o[0m
[ 17%] [32mBuilding C object CMakeFiles/simple_arm_interfaces__rosidl_generator_c.dir/rosidl_generator_c/simple_arm_interfaces/srv/detail/gripper_control__functions.c.o[0m
[ 20%] [32m[1mLinking C shared library libsimple_arm_interfaces__rosidl_generator_c.so[0m
[ 20%] Built target simple_arm_interfaces__rosidl_generator_c
[ 26%] [34m[1mGenerating C++ introspection for ROS interfaces[0m
[ 26%] [34m[1mGenerating C++ type support for eProsima Fast-RTPS[0m
[ 29%] [34m[1mGenerating C++ type support dispatch for ROS interfaces[0m
[ 32%] [34m[1mGenerating C introspection for ROS interfaces[0m
[ 35%] [34m[1mGenerating C type support for eProsima Fast-RTPS[0m
[ 38%] [34m[1mGenerating C type support dispatch for ROS interfaces[0m
[ 41%] [32mBuilding CXX object CMakeFiles/simple_arm_interfaces__rosidl_typesupport_c.dir/rosidl_typesupport_c/simple_arm_interfaces/srv/gripper_control__type_support.cpp.o[0m
[ 44%] [32mBuilding CXX object CMakeFiles/simple_arm_interfaces__rosidl_typesupport_cpp.dir/rosidl_typesupport_cpp/simple_arm_interfaces/srv/gripper_control__type_support.cpp.o[0m
[ 47%] [32mBuilding CXX object CMakeFiles/simple_arm_interfaces__rosidl_typesupport_introspection_cpp.dir/rosidl_typesupport_introspection_cpp/simple_arm_interfaces/srv/detail/gripper_control__type_support.cpp.o[0m
[ 50%] [32mBuilding C object CMakeFiles/simple_arm_interfaces__rosidl_typesupport_introspection_c.dir/rosidl_typesupport_introspection_c/simple_arm_interfaces/srv/detail/gripper_control__type_support.c.o[0m
[ 52%] [32mBuilding CXX object CMakeFiles/simple_arm_interfaces__rosidl_typesupport_fastrtps_cpp.dir/rosidl_typesupport_fastrtps_cpp/simple_arm_interfaces/srv/detail/dds_fastrtps/gripper_control__type_support.cpp.o[0m
[ 55%] [32m[1mLinking CXX shared library libsimple_arm_interfaces__rosidl_typesupport_c.so[0m
[ 58%] [32mBuilding CXX object CMakeFiles/simple_arm_interfaces__rosidl_typesupport_fastrtps_c.dir/rosidl_typesupport_fastrtps_c/simple_arm_interfaces/srv/detail/gripper_control__type_support_c.cpp.o[0m
[ 61%] [32m[1mLinking C shared library libsimple_arm_interfaces__rosidl_typesupport_introspection_c.so[0m
[ 61%] Built target simple_arm_interfaces__rosidl_typesupport_c
[ 61%] Built target simple_arm_interfaces__rosidl_typesupport_introspection_c
[ 64%] [32m[1mLinking CXX shared library libsimple_arm_interfaces__rosidl_typesupport_cpp.so[0m
[ 67%] [32m[1mLinking CXX shared library libsimple_arm_interfaces__rosidl_typesupport_introspection_cpp.so[0m
[ 70%] [32m[1mLinking CXX shared library libsimple_arm_interfaces__rosidl_typesupport_fastrtps_c.so[0m
[ 73%] [32m[1mLinking CXX shared library libsimple_arm_interfaces__rosidl_typesupport_fastrtps_cpp.so[0m
[ 73%] Built target simple_arm_interfaces__rosidl_typesupport_cpp
[ 73%] Built target simple_arm_interfaces__rosidl_typesupport_introspection_cpp
[ 73%] Built target simple_arm_interfaces__rosidl_typesupport_fastrtps_c
[ 73%] Built target simple_arm_interfaces__rosidl_typesupport_fastrtps_cpp
[ 73%] Built target simple_arm_interfaces
[ 76%] [34m[1mGenerating Python code for ROS interfaces[0m
[ 76%] Built target simple_arm_interfaces__py
[ 79%] [32mBuilding C object CMakeFiles/simple_arm_interfaces__rosidl_generator_py.dir/rosidl_generator_py/simple_arm_interfaces/srv/_gripper_control_s.c.o[0m
[ 82%] [32m[1mLinking C shared library libsimple_arm_interfaces__rosidl_generator_py.so[0m
[ 82%] Built target simple_arm_interfaces__rosidl_generator_py
[ 85%] [32mBuilding C object CMakeFiles/simple_arm_interfaces_s__rosidl_typesupport_introspection_c.dir/rosidl_generator_py/simple_arm_interfaces/_simple_arm_interfaces_s.ep.rosidl_typesupport_introspection_c.c.o[0m
[ 88%] [32mBuilding C object CMakeFiles/simple_arm_interfaces_s__rosidl_typesupport_fastrtps_c.dir/rosidl_generator_py/simple_arm_interfaces/_simple_arm_interfaces_s.ep.rosidl_typesupport_fastrtps_c.c.o[0m
[ 91%] [32mBuilding C object CMakeFiles/simple_arm_interfaces_s__rosidl_typesupport_c.dir/rosidl_generator_py/simple_arm_interfaces/_simple_arm_interfaces_s.ep.rosidl_typesupport_c.c.o[0m
[ 94%] [32m[1mLinking C shared module rosidl_generator_py/simple_arm_interfaces/simple_arm_interfaces_s__rosidl_typesupport_introspection_c.so[0m
[ 97%] [32m[1mLinking C shared module rosidl_generator_py/simple_arm_interfaces/simple_arm_interfaces_s__rosidl_typesupport_c.so[0m
[100%] [32m[1mLinking C shared module rosidl_generator_py/simple_arm_interfaces/simple_arm_interfaces_s__rosidl_typesupport_fastrtps_c.so[0m
[100%] Built target simple_arm_interfaces_s__rosidl_typesupport_introspection_c
[100%] Built target simple_arm_interfaces_s__rosidl_typesupport_c
[100%] Built target simple_arm_interfaces_s__rosidl_typesupport_fastrtps_c
-- Install configuration: ""
-- Installing: /home/shoky/ros2_ws/install/simple_arm_interfaces/share/ament_index/resource_index/rosidl_interfaces/simple_arm_interfaces
-- Installing: /home/shoky/ros2_ws/install/simple_arm_interfaces/share/simple_arm_interfaces/srv/GripperControl.json
-- Installing: /home/shoky/ros2_ws/install/simple_arm_interfaces/include/simple_arm_interfaces/simple_arm_interfaces
-- Installing: /home/shoky/ros2_ws/install/simple_arm_interfaces/include/simple_arm_interfaces/simple_arm_interfaces/srv
-- Installing: /home/shoky/ros2_ws/install/simple_arm_interfaces/include/simple_arm_interfaces/simple_arm_interfaces/srv/detail
-- Installing: /home/shoky/ros2_ws/install/simple_arm_interfaces/include/simple_arm_interfaces/simple_arm_interfaces/srv/detail/gripper_control__struct.h
-- Installing: /home/shoky/ros2_ws/install/simple_arm_interfaces/include/simple_arm_interfaces/simple_arm_interfaces/srv/detail/gripper_control__functions.c
-- Installing: /home/shoky/ros2_ws/install/simple_arm_interfaces/include/simple_arm_interfaces/simple_arm_interfaces/srv/detail/gripper_control__description.c
-- Installing: /home/shoky/ros2_ws/install/simple_arm_interfaces/include/simple_arm_interfaces/simple_arm_interfaces/srv/detail/gripper_control__functions.h
-- Installing: /home/shoky/ros2_ws/install/simple_arm_interfaces/include/simple_arm_interfaces/simple_arm_interfaces/srv/detail/gripper_control__type_support.c
-- Installing: /home/shoky/ros2_ws/install/simple_arm_interfaces/include/simple_arm_interfaces/simple_arm_interfaces/srv/detail/gripper_control__type_support.h
-- Installing: /home/shoky/ros2_ws/install/simple_arm_interfaces/include/simple_arm_interfaces/simple_arm_interfaces/srv/gripper_control.h
-- Installing: /home/shoky/ros2_ws/install/simple_arm_interfaces/include/simple_arm_interfaces/simple_arm_interfaces/msg
-- Installing: /home/shoky/ros2_ws/install/simple_arm_interfaces/include/simple_arm_interfaces/simple_arm_interfaces/msg/rosidl_generator_c__visibility_control.h
-- Installing: /home/shoky/ros2_ws/install/simple_arm_interfaces/share/simple_arm_interfaces/environment/library_path.sh
-- Installing: /home/shoky/ros2_ws/install/simple_arm_interfaces/share/simple_arm_interfaces/environment/library_path.dsv
-- Installing: /home/shoky/ros2_ws/install/simple_arm_interfaces/lib/libsimple_arm_interfaces__rosidl_generator_c.so
-- Set non-toolchain portion of runtime path of "/home/shoky/ros2_ws/install/simple_arm_interfaces/lib/libsimple_arm_interfaces__rosidl_generator_c.so" to ""
-- Up-to-date: /home/shoky/ros2_ws/install/simple_arm_interfaces/include/simple_arm_interfaces/simple_arm_interfaces
-- Up-to-date: /home/shoky/ros2_ws/install/simple_arm_interfaces/include/simple_arm_interfaces/simple_arm_interfaces/srv
-- Up-to-date: /home/shoky/ros2_ws/install/simple_arm_interfaces/include/simple_arm_interfaces/simple_arm_interfaces/srv/detail
-- Installing: /home/shoky/ros2_ws/install/simple_arm_interfaces/include/simple_arm_interfaces/simple_arm_interfaces/srv/detail/gripper_control__rosidl_typesupport_fastrtps_c.h
-- Up-to-date: /home/shoky/ros2_ws/install/simple_arm_interfaces/include/simple_arm_interfaces/simple_arm_interfaces/msg
-- Installing: /home/shoky/ros2_ws/install/simple_arm_interfaces/include/simple_arm_interfaces/simple_arm_interfaces/msg/rosidl_typesupport_fastrtps_c__visibility_control.h
-- Installing: /home/shoky/ros2_ws/install/simple_arm_interfaces/lib/libsimple_arm_interfaces__rosidl_typesupport_fastrtps_c.so
-- Set non-toolchain portion of runtime path of "/home/shoky/ros2_ws/install/simple_arm_interfaces/lib/libsimple_arm_interfaces__rosidl_typesupport_fastrtps_c.so" to ""
-- Up-to-date: /home/shoky/ros2_ws/install/simple_arm_interfaces/include/simple_arm_interfaces/simple_arm_interfaces
-- Up-to-date: /home/shoky/ros2_ws/install/simple_arm_interfaces/include/simple_arm_interfaces/simple_arm_interfaces/srv
-- Up-to-date: /home/shoky/ros2_ws/install/simple_arm_interfaces/include/simple_arm_interfaces/simple_arm_interfaces/srv/detail
-- Installing: /home/shoky/ros2_ws/install/simple_arm_interfaces/include/simple_arm_interfaces/simple_arm_interfaces/srv/detail/gripper_control__type_support.c
-- Installing: /home/shoky/ros2_ws/install/simple_arm_interfaces/include/simple_arm_interfaces/simple_arm_interfaces/srv/detail/gripper_control__rosidl_typesupport_introspection_c.h
-- Up-to-date: /home/shoky/ros2_ws/install/simple_arm_interfaces/include/simple_arm_interfaces/simple_arm_interfaces/msg
-- Installing: /home/shoky/ros2_ws/install/simple_arm_interfaces/include/simple_arm_interfaces/simple_arm_interfaces/msg/rosidl_typesupport_introspection_c__visibility_control.h
-- Installing: /home/shoky/ros2_ws/install/simple_arm_interfaces/lib/libsimple_arm_interfaces__rosidl_typesupport_introspection_c.so
-- Set non-toolchain portion of runtime path of "/home/shoky/ros2_ws/install/simple_arm_interfaces/lib/libsimple_arm_interfaces__rosidl_typesupport_introspection_c.so" to ""
-- Installing: /home/shoky/ros2_ws/install/simple_arm_interfaces/lib/libsimple_arm_interfaces__rosidl_typesupport_c.so
-- Set non-toolchain portion of runtime path of "/home/shoky/ros2_ws/install/simple_arm_interfaces/lib/libsimple_arm_interfaces__rosidl_typesupport_c.so" to ""
-- Up-to-date: /home/shoky/ros2_ws/install/simple_arm_interfaces/include/simple_arm_interfaces/simple_arm_interfaces
-- Up-to-date: /home/shoky/ros2_ws/install/simple_arm_interfaces/include/simple_arm_interfaces/simple_arm_interfaces/srv
-- Up-to-date: /home/shoky/ros2_ws/install/simple_arm_interfaces/include/simple_arm_interfaces/simple_arm_interfaces/srv/detail
-- Installing: /home/shoky/ros2_ws/install/simple_arm_interfaces/include/simple_arm_interfaces/simple_arm_interfaces/srv/detail/gripper_control__struct.hpp
-- Installing: /home/shoky/ros2_ws/install/simple_arm_interfaces/include/simple_arm_interfaces/simple_arm_interfaces/srv/detail/gripper_control__traits.hpp
-- Installing: /home/shoky/ros2_ws/install/simple_arm_interfaces/include/simple_arm_interfaces/simple_arm_interfaces/srv/detail/gripper_control__type_support.hpp
-- Installing: /home/shoky/ros2_ws/install/simple_arm_interfaces/include/simple_arm_interfaces/simple_arm_interfaces/srv/detail/gripper_control__builder.hpp
-- Installing: /home/shoky/ros2_ws/install/simple_arm_interfaces/include/simple_arm_interfaces/simple_arm_interfaces/srv/gripper_control.hpp
-- Up-to-date: /home/shoky/ros2_ws/install/simple_arm_interfaces/include/simple_arm_interfaces/simple_arm_interfaces/msg
-- Installing: /home/shoky/ros2_ws/install/simple_arm_interfaces/include/simple_arm_interfaces/simple_arm_interfaces/msg/rosidl_generator_cpp__visibility_control.hpp
-- Up-to-date: /home/shoky/ros2_ws/install/simple_arm_interfaces/include/simple_arm_interfaces/simple_arm_interfaces
-- Up-to-date: /home/shoky/ros2_ws/install/simple_arm_interfaces/include/simple_arm_interfaces/simple_arm_interfaces/srv
-- Up-to-date: /home/shoky/ros2_ws/install/simple_arm_interfaces/include/simple_arm_interfaces/simple_arm_interfaces/srv/detail
-- Installing: /home/shoky/ros2_ws/install/simple_arm_interfaces/include/simple_arm_interfaces/simple_arm_interfaces/srv/detail/dds_fastrtps
-- Installing: /home/shoky/ros2_ws/install/simple_arm_interfaces/include/simple_arm_interfaces/simple_arm_interfaces/srv/detail/gripper_control__rosidl_typesupport_fastrtps_cpp.hpp
-- Up-to-date: /home/shoky/ros2_ws/install/simple_arm_interfaces/include/simple_arm_interfaces/simple_arm_interfaces/msg
-- Installing: /home/shoky/ros2_ws/install/simple_arm_interfaces/include/simple_arm_interfaces/simple_arm_interfaces/msg/rosidl_typesupport_fastrtps_cpp__visibility_control.h
-- Installing: /home/shoky/ros2_ws/install/simple_arm_interfaces/lib/libsimple_arm_interfaces__rosidl_typesupport_fastrtps_cpp.so
-- Set non-toolchain portion of runtime path of "/home/shoky/ros2_ws/install/simple_arm_interfaces/lib/libsimple_arm_interfaces__rosidl_typesupport_fastrtps_cpp.so" to ""
-- Up-to-date: /home/shoky/ros2_ws/install/simple_arm_interfaces/include/simple_arm_interfaces/simple_arm_interfaces
-- Up-to-date: /home/shoky/ros2_ws/install/simple_arm_interfaces/include/simple_arm_interfaces/simple_arm_interfaces/srv
-- Up-to-date: /home/shoky/ros2_ws/install/simple_arm_interfaces/include/simple_arm_interfaces/simple_arm_interfaces/srv/detail
-- Installing: /home/shoky/ros2_ws/install/simple_arm_interfaces/include/simple_arm_interfaces/simple_arm_interfaces/srv/detail/gripper_control__type_support.cpp
-- Installing: /home/shoky/ros2_ws/install/simple_arm_interfaces/include/simple_arm_interfaces/simple_arm_interfaces/srv/detail/gripper_control__rosidl_typesupport_introspection_cpp.hpp
-- Installing: /home/shoky/ros2_ws/install/simple_arm_interfaces/lib/libsimple_arm_interfaces__rosidl_typesupport_introspection_cpp.so
-- Set non-toolchain portion of runtime path of "/home/shoky/ros2_ws/install/simple_arm_interfaces/lib/libsimple_arm_interfaces__rosidl_typesupport_introspection_cpp.so" to ""
-- Installing: /home/shoky/ros2_ws/install/simple_arm_interfaces/lib/libsimple_arm_interfaces__rosidl_typesupport_cpp.so
-- Set non-toolchain portion of runtime path of "/home/shoky/ros2_ws/install/simple_arm_interfaces/lib/libsimple_arm_interfaces__rosidl_typesupport_cpp.so" to ""
-- Installing: /home/shoky/ros2_ws/install/simple_arm_interfaces/share/simple_arm_interfaces/environment/pythonpath.sh
-- Installing: /home/shoky/ros2_ws/install/simple_arm_interfaces/share/simple_arm_interfaces/environment/pythonpath.dsv
-- Installing: /home/shoky/ros2_ws/install/simple_arm_interfaces/lib/python3.12/site-packages/simple_arm_interfaces-0.0.0-py3.12.egg-info
-- Installing: /home/shoky/ros2_ws/install/simple_arm_interfaces/lib/python3.12/site-packages/simple_arm_interfaces-0.0.0-py3.12.egg-info/top_level.txt
-- Installing: /home/shoky/ros2_ws/install/simple_arm_interfaces/lib/python3.12/site-packages/simple_arm_interfaces-0.0.0-py3.12.egg-info/dependency_links.txt
-- Installing: /home/shoky/ros2_ws/install/simple_arm_interfaces/lib/python3.12/site-packages/simple_arm_interfaces-0.0.0-py3.12.egg-info/PKG-INFO
-- Installing: /home/shoky/ros2_ws/install/simple_arm_interfaces/lib/python3.12/site-packages/simple_arm_interfaces-0.0.0-py3.12.egg-info/SOURCES.txt
-- Installing: /home/shoky/ros2_ws/install/simple_arm_interfaces/lib/python3.12/site-packages/simple_arm_interfaces
-- Installing: /home/shoky/ros2_ws/install/simple_arm_interfaces/lib/python3.12/site-packages/simple_arm_interfaces/simple_arm_interfaces_s__rosidl_typesupport_fastrtps_c.so
-- Installing: /home/shoky/ros2_ws/install/simple_arm_interfaces/lib/python3.12/site-packages/simple_arm_interfaces/_simple_arm_interfaces_s.ep.rosidl_typesupport_fastrtps_c.c
-- Installing: /home/shoky/ros2_ws/install/simple_arm_interfaces/lib/python3.12/site-packages/simple_arm_interfaces/_simple_arm_interfaces_s.ep.rosidl_typesupport_introspection_c.c
-- Installing: /home/shoky/ros2_ws/install/simple_arm_interfaces/lib/python3.12/site-packages/simple_arm_interfaces/__init__.py
-- Installing: /home/shoky/ros2_ws/install/simple_arm_interfaces/lib/python3.12/site-packages/simple_arm_interfaces/srv
-- Installing: /home/shoky/ros2_ws/install/simple_arm_interfaces/lib/python3.12/site-packages/simple_arm_interfaces/srv/_gripper_control_s.c
-- Installing: /home/shoky/ros2_ws/install/simple_arm_interfaces/lib/python3.12/site-packages/simple_arm_interfaces/srv/_gripper_control.py
-- Installing: /home/shoky/ros2_ws/install/simple_arm_interfaces/lib/python3.12/site-packages/simple_arm_interfaces/srv/__init__.py
-- Installing: /home/shoky/ros2_ws/install/simple_arm_interfaces/lib/python3.12/site-packages/simple_arm_interfaces/_simple_arm_interfaces_s.ep.rosidl_typesupport_c.c
-- Installing: /home/shoky/ros2_ws/install/simple_arm_interfaces/lib/python3.12/site-packages/simple_arm_interfaces/simple_arm_interfaces_s__rosidl_typesupport_introspection_c.so
-- Installing: /home/shoky/ros2_ws/install/simple_arm_interfaces/lib/python3.12/site-packages/simple_arm_interfaces/simple_arm_interfaces_s__rosidl_typesupport_c.so
Listing '/home/shoky/ros2_ws/install/simple_arm_interfaces/lib/python3.12/site-packages/simple_arm_interfaces'...
Compiling '/home/shoky/ros2_ws/install/simple_arm_interfaces/lib/python3.12/site-packages/simple_arm_interfaces/__init__.py'...
Listing '/home/shoky/ros2_ws/install/simple_arm_interfaces/lib/python3.12/site-packages/simple_arm_interfaces/srv'...
Compiling '/home/shoky/ros2_ws/install/simple_arm_interfaces/lib/python3.12/site-packages/simple_arm_interfaces/srv/__init__.py'...
Compiling '/home/shoky/ros2_ws/install/simple_arm_interfaces/lib/python3.12/site-packages/simple_arm_interfaces/srv/_gripper_control.py'...
-- Installing: /home/shoky/ros2_ws/install/simple_arm_interfaces/lib/python3.12/site-packages/simple_arm_interfaces/simple_arm_interfaces_s__rosidl_typesupport_fastrtps_c.so
-- Set non-toolchain portion of runtime path of "/home/shoky/ros2_ws/install/simple_arm_interfaces/lib/python3.12/site-packages/simple_arm_interfaces/simple_arm_interfaces_s__rosidl_typesupport_fastrtps_c.so" to ""
-- Installing: /home/shoky/ros2_ws/install/simple_arm_interfaces/lib/python3.12/site-packages/simple_arm_interfaces/simple_arm_interfaces_s__rosidl_typesupport_introspection_c.so
-- Set non-toolchain portion of runtime path of "/home/shoky/ros2_ws/install/simple_arm_interfaces/lib/python3.12/site-packages/simple_arm_interfaces/simple_arm_interfaces_s__rosidl_typesupport_introspection_c.so" to ""
-- Installing: /home/shoky/ros2_ws/install/simple_arm_interfaces/lib/python3.12/site-packages/simple_arm_interfaces/simple_arm_interfaces_s__rosidl_typesupport_c.so
-- Set non-toolchain portion of runtime path of "/home/shoky/ros2_ws/install/simple_arm_interfaces/lib/python3.12/site-packages/simple_arm_interfaces/simple_arm_interfaces_s__rosidl_typesupport_c.so" to ""
-- Installing: /home/shoky/ros2_ws/install/simple_arm_interfaces/lib/libsimple_arm_interfaces__rosidl_generator_py.so
-- Set non-toolchain portion of runtime path of "/home/shoky/ros2_ws/install/simple_arm_interfaces/lib/libsimple_arm_interfaces__rosidl_generator_py.so" to ""
-- Installing: /home/shoky/ros2_ws/install/simple_arm_interfaces/share/simple_arm_interfaces/srv/GripperControl.idl
-- Installing: /home/shoky/ros2_ws/install/simple_arm_interfaces/share/simple_arm_interfaces/srv/GripperControl.srv
-- Installing: /home/shoky/ros2_ws/install/simple_arm_interfaces/share/ament_index/resource_index/package_run_dependencies/simple_arm_interfaces
-- Installing: /home/shoky/ros2_ws/install/simple_arm_interfaces/share/ament_index/resource_index/parent_prefix_path/simple_arm_interfaces
-- Installing: /home/shoky/ros2_ws/install/simple_arm_interfaces/share/simple_arm_interfaces/environment/ament_prefix_path.sh
-- Installing: /home/shoky/ros2_ws/install/simple_arm_interfaces/share/simple_arm_interfaces/environment/ament_prefix_path.dsv
-- Installing: /home/shoky/ros2_ws/install/simple_arm_interfaces/share/simple_arm_interfaces/environment/path.sh
-- Installing: /home/shoky/ros2_ws/install/simple_arm_interfaces/share/simple_arm_interfaces/environment/path.dsv
-- Installing: /home/shoky/ros2_ws/install/simple_arm_interfaces/share/simple_arm_interfaces/local_setup.bash
-- Installing: /home/shoky/ros2_ws/install/simple_arm_interfaces/share/simple_arm_interfaces/local_setup.sh
-- Installing: /home/shoky/ros2_ws/install/simple_arm_interfaces/share/simple_arm_interfaces/local_setup.zsh
-- Installing: /home/shoky/ros2_ws/install/simple_arm_interfaces/share/simple_arm_interfaces/local_setup.dsv
-- Installing: /home/shoky/ros2_ws/install/simple_arm_interfaces/share/simple_arm_interfaces/package.dsv
-- Installing: /home/shoky/ros2_ws/install/simple_arm_interfaces/share/ament_index/resource_index/packages/simple_arm_interfaces
-- Installing: /home/shoky/ros2_ws/install/simple_arm_interfaces/share/simple_arm_interfaces/cmake/export_simple_arm_interfaces__rosidl_generator_cExport.cmake
-- Installing: /home/shoky/ros2_ws/install/simple_arm_interfaces/share/simple_arm_interfaces/cmake/export_simple_arm_interfaces__rosidl_generator_cExport-noconfig.cmake
-- Installing: /home/shoky/ros2_ws/install/simple_arm_interfaces/share/simple_arm_interfaces/cmake/export_simple_arm_interfaces__rosidl_typesupport_fastrtps_cExport.cmake
-- Installing: /home/shoky/ros2_ws/install/simple_arm_interfaces/share/simple_arm_interfaces/cmake/export_simple_arm_interfaces__rosidl_typesupport_fastrtps_cExport-noconfig.cmake
-- Installing: /home/shoky/ros2_ws/install/simple_arm_interfaces/share/simple_arm_interfaces/cmake/simple_arm_interfaces__rosidl_typesupport_introspection_cExport.cmake
-- Installing: /home/shoky/ros2_ws/install/simple_arm_interfaces/share/simple_arm_interfaces/cmake/simple_arm_interfaces__rosidl_typesupport_introspection_cExport-noconfig.cmake
-- Installing: /home/shoky/ros2_ws/install/simple_arm_interfaces/share/simple_arm_interfaces/cmake/simple_arm_interfaces__rosidl_typesupport_cExport.cmake
-- Installing: /home/shoky/ros2_ws/install/simple_arm_interfaces/share/simple_arm_interfaces/cmake/simple_arm_interfaces__rosidl_typesupport_cExport-noconfig.cmake
-- Installing: /home/shoky/ros2_ws/install/simple_arm_interfaces/share/simple_arm_interfaces/cmake/export_simple_arm_interfaces__rosidl_generator_cppExport.cmake
-- Installing: /home/shoky/ros2_ws/install/simple_arm_interfaces/share/simple_arm_interfaces/cmake/export_simple_arm_interfaces__rosidl_typesupport_fastrtps_cppExport.cmake
-- Installing: /home/shoky/ros2_ws/install/simple_arm_interfaces/share/simple_arm_interfaces/cmake/export_simple_arm_interfaces__rosidl_typesupport_fastrtps_cppExport-noconfig.cmake
-- Installing: /home/shoky/ros2_ws/install/simple_arm_interfaces/share/simple_arm_interfaces/cmake/simple_arm_interfaces__rosidl_typesupport_introspection_cppExport.cmake
-- Installing: /home/shoky/ros2_ws/install/simple_arm_interfaces/share/simple_arm_interfaces/cmake/simple_arm_interfaces__rosidl_typesupport_introspection_cppExport-noconfig.cmake
-- Installing: /home/shoky/ros2_ws/install/simple_arm_interfaces/share/simple_arm_interfaces/cmake/simple_arm_interfaces__rosidl_typesupport_cppExport.cmake
-- Installing: /home/shoky/ros2_ws/install/simple_arm_interfaces/share/simple_arm_interfaces/cmake/simple_arm_interfaces__rosidl_typesupport_cppExport-noconfig.cmake
-- Installing: /home/shoky/ros2_ws/install/simple_arm_interfaces/share/simple_arm_interfaces/cmake/export_simple_arm_interfaces__rosidl_generator_pyExport.cmake
-- Installing: /home/shoky/ros2_ws/install/simple_arm_interfaces/share/simple_arm_interfaces/cmake/export_simple_arm_interfaces__rosidl_generator_pyExport-noconfig.cmake
-- Installing: /home/shoky/ros2_ws/install/simple_arm_interfaces/share/simple_arm_interfaces/cmake/rosidl_cmake-extras.cmake
-- Installing: /home/shoky/ros2_ws/install/simple_arm_interfaces/share/simple_arm_interfaces/cmake/ament_cmake_export_dependencies-extras.cmake
-- Installing: /home/shoky/ros2_ws/install/simple_arm_interfaces/share/simple_arm_interfaces/cmake/ament_cmake_export_include_directories-extras.cmake
-- Installing: /home/shoky/ros2_ws/install/simple_arm_interfaces/share/simple_arm_interfaces/cmake/ament_cmake_export_libraries-extras.cmake
-- Installing: /home/shoky/ros2_ws/install/simple_arm_interfaces/share/simple_arm_interfaces/cmake/ament_cmake_export_targets-extras.cmake
-- Installing: /home/shoky/ros2_ws/install/simple_arm_interfaces/share/simple_arm_interfaces/cmake/rosidl_cmake_export_typesupport_targets-extras.cmake
-- Installing: /home/shoky/ros2_ws/install/simple_arm_interfaces/share/simple_arm_interfaces/cmake/rosidl_cmake_export_typesupport_libraries-extras.cmake
-- Installing: /home/shoky/ros2_ws/install/simple_arm_interfaces/share/simple_arm_interfaces/cmake/simple_arm_interfacesConfig.cmake
-- Installing: /home/shoky/ros2_ws/install/simple_arm_interfaces/share/simple_arm_interfaces/cmake/simple_arm_interfacesConfig-version.cmake
-- Installing: /home/shoky/ros2_ws/install/simple_arm_interfaces/share/simple_arm_interfaces/package.xml
