[0.016s] Invoking command in '/home/shoky/ros2_ws/build/simple_arm_interfaces': CMAKE_PREFIX_PATH=${CMAKE_PREFIX_PATH}:/home/shoky/ros2_ws/install/simple_arm_control:/home/shoky/ros2_ws/install/my_first_pkg:/opt/ros/jazzy /usr/bin/cmake /home/shoky/ros2_ws/src/simple_arm_interfaces -DCMAKE_INSTALL_PREFIX=/home/shoky/ros2_ws/install/simple_arm_interfaces
[0.315s] -- The C compiler identification is GNU 13.3.0
[1.163s] -- The CXX compiler identification is GNU 13.3.0
[1.902s] -- Detecting C compiler ABI info
[2.171s] -- Detecting C compiler ABI info - done
[2.176s] -- Check for working C compiler: /usr/bin/cc - skipped
[2.176s] -- Detecting C compile features
[2.177s] -- Detecting C compile features - done
[2.290s] -- Detecting CXX compiler ABI info
[2.551s] -- Detecting CXX compiler ABI info - done
[2.555s] -- Check for working CXX compiler: /usr/bin/c++ - skipped
[2.556s] -- Detecting CXX compile features
[2.556s] -- Detecting CXX compile features - done
[2.570s] -- Found ament_cmake: 2.5.4 (/opt/ros/jazzy/share/ament_cmake/cmake)
[2.656s] -- Found Python3: /usr/bin/python3 (found version "3.12.3") found components: Interpreter 
[2.747s] -- Found rosidl_default_generators: 1.6.0 (/opt/ros/jazzy/share/rosidl_default_generators/cmake)
[2.756s] -- Using all available rosidl_typesupport_c: rosidl_typesupport_fastrtps_c;rosidl_typesupport_introspection_c
[2.950s] -- Using all available rosidl_typesupport_cpp: rosidl_typesupport_fastrtps_cpp;rosidl_typesupport_introspection_cpp
[2.993s] -- Found rosidl_adapter: 4.6.6 (/opt/ros/jazzy/share/rosidl_adapter/cmake)
[3.331s] -- Found ament_cmake_ros: 0.12.0 (/opt/ros/jazzy/share/ament_cmake_ros/cmake)
[3.564s] -- Using all available rosidl_typesupport_c: rosidl_typesupport_fastrtps_c;rosidl_typesupport_introspection_c
[3.851s] -- Using all available rosidl_typesupport_cpp: rosidl_typesupport_fastrtps_cpp;rosidl_typesupport_introspection_cpp
[3.853s] -- Found python_cmake_module: 0.11.1 (/opt/ros/jazzy/share/python_cmake_module/cmake)
[3.921s] -- Found PythonExtra: /usr/bin/python3  
[4.224s] -- Found Python3: /usr/bin/python3 (found version "3.12.3") found components: Interpreter Development NumPy Development.Module Development.Embed 
[4.244s] -- Found ament_lint_auto: 0.17.3 (/opt/ros/jazzy/share/ament_lint_auto/cmake)
[4.274s] -- Added test 'lint_cmake' to check CMake code style
[4.275s] -- Added test 'xmllint' to check XML markup files
[4.278s] -- Configuring done (4.2s)
[4.316s] -- Generating done (0.0s)
[4.325s] -- Build files have been written to: /home/shoky/ros2_ws/build/simple_arm_interfaces
[4.331s] Invoked command in '/home/shoky/ros2_ws/build/simple_arm_interfaces' returned '0': CMAKE_PREFIX_PATH=${CMAKE_PREFIX_PATH}:/home/shoky/ros2_ws/install/simple_arm_control:/home/shoky/ros2_ws/install/my_first_pkg:/opt/ros/jazzy /usr/bin/cmake /home/shoky/ros2_ws/src/simple_arm_interfaces -DCMAKE_INSTALL_PREFIX=/home/shoky/ros2_ws/install/simple_arm_interfaces
[4.332s] Invoking command in '/home/shoky/ros2_ws/build/simple_arm_interfaces': CMAKE_PREFIX_PATH=${CMAKE_PREFIX_PATH}:/home/shoky/ros2_ws/install/simple_arm_control:/home/shoky/ros2_ws/install/my_first_pkg:/opt/ros/jazzy /usr/bin/cmake --build /home/shoky/ros2_ws/build/simple_arm_interfaces -- -j8 -l8
[4.358s] [  2%] [34m[1mGenerating type hashes for ROS interfaces[0m
[4.361s] [  2%] Built target ament_cmake_python_copy_simple_arm_interfaces
[4.464s] running egg_info
[4.465s] creating simple_arm_interfaces.egg-info
[4.473s] writing simple_arm_interfaces.egg-info/PKG-INFO
[4.473s] writing dependency_links to simple_arm_interfaces.egg-info/dependency_links.txt
[4.473s] [  2%] Built target simple_arm_interfaces__rosidl_generator_type_description
[4.473s] writing top-level names to simple_arm_interfaces.egg-info/top_level.txt
[4.474s] writing manifest file 'simple_arm_interfaces.egg-info/SOURCES.txt'
[4.478s] [  5%] [34m[1mGenerating C code for ROS interfaces[0m
[4.482s] [  8%] [34m[1mGenerating C++ code for ROS interfaces[0m
[4.494s] reading manifest file 'simple_arm_interfaces.egg-info/SOURCES.txt'
[4.494s] writing manifest file 'simple_arm_interfaces.egg-info/SOURCES.txt'
[4.508s] [  8%] Built target ament_cmake_python_build_simple_arm_interfaces_egg
[4.622s] [  8%] Built target simple_arm_interfaces__cpp
[4.634s] [ 11%] [32mBuilding C object CMakeFiles/simple_arm_interfaces__rosidl_generator_c.dir/rosidl_generator_c/simple_arm_interfaces/srv/detail/gripper_control__description.c.o[0m
[4.634s] [ 14%] [32mBuilding C object CMakeFiles/simple_arm_interfaces__rosidl_generator_c.dir/rosidl_generator_c/simple_arm_interfaces/srv/detail/gripper_control__type_support.c.o[0m
[4.634s] [ 17%] [32mBuilding C object CMakeFiles/simple_arm_interfaces__rosidl_generator_c.dir/rosidl_generator_c/simple_arm_interfaces/srv/detail/gripper_control__functions.c.o[0m
[4.703s] [ 20%] [32m[1mLinking C shared library libsimple_arm_interfaces__rosidl_generator_c.so[0m
[4.826s] [ 20%] Built target simple_arm_interfaces__rosidl_generator_c
[4.830s] [ 26%] [34m[1mGenerating C++ introspection for ROS interfaces[0m
[4.830s] [ 26%] [34m[1mGenerating C++ type support for eProsima Fast-RTPS[0m
[4.831s] [ 29%] [34m[1mGenerating C++ type support dispatch for ROS interfaces[0m
[4.831s] [ 32%] [34m[1mGenerating C introspection for ROS interfaces[0m
[4.831s] [ 35%] [34m[1mGenerating C type support for eProsima Fast-RTPS[0m
[4.831s] [ 38%] [34m[1mGenerating C type support dispatch for ROS interfaces[0m
[4.970s] [ 41%] [32mBuilding CXX object CMakeFiles/simple_arm_interfaces__rosidl_typesupport_c.dir/rosidl_typesupport_c/simple_arm_interfaces/srv/gripper_control__type_support.cpp.o[0m
[4.976s] [ 44%] [32mBuilding CXX object CMakeFiles/simple_arm_interfaces__rosidl_typesupport_cpp.dir/rosidl_typesupport_cpp/simple_arm_interfaces/srv/gripper_control__type_support.cpp.o[0m
[4.980s] [ 47%] [32mBuilding CXX object CMakeFiles/simple_arm_interfaces__rosidl_typesupport_introspection_cpp.dir/rosidl_typesupport_introspection_cpp/simple_arm_interfaces/srv/detail/gripper_control__type_support.cpp.o[0m
[4.991s] [ 50%] [32mBuilding C object CMakeFiles/simple_arm_interfaces__rosidl_typesupport_introspection_c.dir/rosidl_typesupport_introspection_c/simple_arm_interfaces/srv/detail/gripper_control__type_support.c.o[0m
[5.003s] [ 52%] [32mBuilding CXX object CMakeFiles/simple_arm_interfaces__rosidl_typesupport_fastrtps_cpp.dir/rosidl_typesupport_fastrtps_cpp/simple_arm_interfaces/srv/detail/dds_fastrtps/gripper_control__type_support.cpp.o[0m
[5.003s] [ 55%] [32m[1mLinking CXX shared library libsimple_arm_interfaces__rosidl_typesupport_c.so[0m
[5.011s] [ 58%] [32mBuilding CXX object CMakeFiles/simple_arm_interfaces__rosidl_typesupport_fastrtps_c.dir/rosidl_typesupport_fastrtps_c/simple_arm_interfaces/srv/detail/gripper_control__type_support_c.cpp.o[0m
[5.023s] [ 61%] [32m[1mLinking C shared library libsimple_arm_interfaces__rosidl_typesupport_introspection_c.so[0m
[5.142s] [ 61%] Built target simple_arm_interfaces__rosidl_typesupport_c
[5.149s] [ 61%] Built target simple_arm_interfaces__rosidl_typesupport_introspection_c
[5.248s] [ 64%] [32m[1mLinking CXX shared library libsimple_arm_interfaces__rosidl_typesupport_cpp.so[0m
[5.254s] [ 67%] [32m[1mLinking CXX shared library libsimple_arm_interfaces__rosidl_typesupport_introspection_cpp.so[0m
[5.314s] [ 70%] [32m[1mLinking CXX shared library libsimple_arm_interfaces__rosidl_typesupport_fastrtps_c.so[0m
[5.371s] [ 73%] [32m[1mLinking CXX shared library libsimple_arm_interfaces__rosidl_typesupport_fastrtps_cpp.so[0m
[5.379s] [ 73%] Built target simple_arm_interfaces__rosidl_typesupport_cpp
[5.383s] [ 73%] Built target simple_arm_interfaces__rosidl_typesupport_introspection_cpp
[5.436s] [ 73%] Built target simple_arm_interfaces__rosidl_typesupport_fastrtps_c
[5.482s] [ 73%] Built target simple_arm_interfaces__rosidl_typesupport_fastrtps_cpp
[5.490s] [ 73%] Built target simple_arm_interfaces
[5.498s] [ 76%] [34m[1mGenerating Python code for ROS interfaces[0m
[5.671s] [ 76%] Built target simple_arm_interfaces__py
[5.679s] [ 79%] [32mBuilding C object CMakeFiles/simple_arm_interfaces__rosidl_generator_py.dir/rosidl_generator_py/simple_arm_interfaces/srv/_gripper_control_s.c.o[0m
[5.793s] [ 82%] [32m[1mLinking C shared library libsimple_arm_interfaces__rosidl_generator_py.so[0m
[5.915s] [ 82%] Built target simple_arm_interfaces__rosidl_generator_py
[5.923s] [ 85%] [32mBuilding C object CMakeFiles/simple_arm_interfaces_s__rosidl_typesupport_introspection_c.dir/rosidl_generator_py/simple_arm_interfaces/_simple_arm_interfaces_s.ep.rosidl_typesupport_introspection_c.c.o[0m
[5.924s] [ 88%] [32mBuilding C object CMakeFiles/simple_arm_interfaces_s__rosidl_typesupport_fastrtps_c.dir/rosidl_generator_py/simple_arm_interfaces/_simple_arm_interfaces_s.ep.rosidl_typesupport_fastrtps_c.c.o[0m
[5.926s] [ 91%] [32mBuilding C object CMakeFiles/simple_arm_interfaces_s__rosidl_typesupport_c.dir/rosidl_generator_py/simple_arm_interfaces/_simple_arm_interfaces_s.ep.rosidl_typesupport_c.c.o[0m
[5.973s] [ 94%] [32m[1mLinking C shared module rosidl_generator_py/simple_arm_interfaces/simple_arm_interfaces_s__rosidl_typesupport_introspection_c.so[0m
[5.974s] [ 97%] [32m[1mLinking C shared module rosidl_generator_py/simple_arm_interfaces/simple_arm_interfaces_s__rosidl_typesupport_c.so[0m
[5.976s] [100%] [32m[1mLinking C shared module rosidl_generator_py/simple_arm_interfaces/simple_arm_interfaces_s__rosidl_typesupport_fastrtps_c.so[0m
[6.045s] [100%] Built target simple_arm_interfaces_s__rosidl_typesupport_introspection_c
[6.046s] [100%] Built target simple_arm_interfaces_s__rosidl_typesupport_c
[6.089s] [100%] Built target simple_arm_interfaces_s__rosidl_typesupport_fastrtps_c
[6.094s] Invoked command in '/home/shoky/ros2_ws/build/simple_arm_interfaces' returned '0': CMAKE_PREFIX_PATH=${CMAKE_PREFIX_PATH}:/home/shoky/ros2_ws/install/simple_arm_control:/home/shoky/ros2_ws/install/my_first_pkg:/opt/ros/jazzy /usr/bin/cmake --build /home/shoky/ros2_ws/build/simple_arm_interfaces -- -j8 -l8
[6.100s] Invoking command in '/home/shoky/ros2_ws/build/simple_arm_interfaces': CMAKE_PREFIX_PATH=${CMAKE_PREFIX_PATH}:/home/shoky/ros2_ws/install/simple_arm_control:/home/shoky/ros2_ws/install/my_first_pkg:/opt/ros/jazzy /usr/bin/cmake --install /home/shoky/ros2_ws/build/simple_arm_interfaces
[6.103s] -- Install configuration: ""
[6.104s] -- Installing: /home/shoky/ros2_ws/install/simple_arm_interfaces/share/ament_index/resource_index/rosidl_interfaces/simple_arm_interfaces
[6.104s] -- Installing: /home/shoky/ros2_ws/install/simple_arm_interfaces/share/simple_arm_interfaces/srv/GripperControl.json
[6.104s] -- Installing: /home/shoky/ros2_ws/install/simple_arm_interfaces/include/simple_arm_interfaces/simple_arm_interfaces
[6.104s] -- Installing: /home/shoky/ros2_ws/install/simple_arm_interfaces/include/simple_arm_interfaces/simple_arm_interfaces/srv
[6.104s] -- Installing: /home/shoky/ros2_ws/install/simple_arm_interfaces/include/simple_arm_interfaces/simple_arm_interfaces/srv/detail
[6.105s] -- Installing: /home/shoky/ros2_ws/install/simple_arm_interfaces/include/simple_arm_interfaces/simple_arm_interfaces/srv/detail/gripper_control__struct.h
[6.105s] -- Installing: /home/shoky/ros2_ws/install/simple_arm_interfaces/include/simple_arm_interfaces/simple_arm_interfaces/srv/detail/gripper_control__functions.c
[6.105s] -- Installing: /home/shoky/ros2_ws/install/simple_arm_interfaces/include/simple_arm_interfaces/simple_arm_interfaces/srv/detail/gripper_control__description.c
[6.105s] -- Installing: /home/shoky/ros2_ws/install/simple_arm_interfaces/include/simple_arm_interfaces/simple_arm_interfaces/srv/detail/gripper_control__functions.h
[6.105s] -- Installing: /home/shoky/ros2_ws/install/simple_arm_interfaces/include/simple_arm_interfaces/simple_arm_interfaces/srv/detail/gripper_control__type_support.c
[6.105s] -- Installing: /home/shoky/ros2_ws/install/simple_arm_interfaces/include/simple_arm_interfaces/simple_arm_interfaces/srv/detail/gripper_control__type_support.h
[6.106s] -- Installing: /home/shoky/ros2_ws/install/simple_arm_interfaces/include/simple_arm_interfaces/simple_arm_interfaces/srv/gripper_control.h
[6.106s] -- Installing: /home/shoky/ros2_ws/install/simple_arm_interfaces/include/simple_arm_interfaces/simple_arm_interfaces/msg
[6.106s] -- Installing: /home/shoky/ros2_ws/install/simple_arm_interfaces/include/simple_arm_interfaces/simple_arm_interfaces/msg/rosidl_generator_c__visibility_control.h
[6.106s] -- Installing: /home/shoky/ros2_ws/install/simple_arm_interfaces/share/simple_arm_interfaces/environment/library_path.sh
[6.106s] -- Installing: /home/shoky/ros2_ws/install/simple_arm_interfaces/share/simple_arm_interfaces/environment/library_path.dsv
[6.107s] -- Installing: /home/shoky/ros2_ws/install/simple_arm_interfaces/lib/libsimple_arm_interfaces__rosidl_generator_c.so
[6.107s] -- Set non-toolchain portion of runtime path of "/home/shoky/ros2_ws/install/simple_arm_interfaces/lib/libsimple_arm_interfaces__rosidl_generator_c.so" to ""
[6.107s] -- Up-to-date: /home/shoky/ros2_ws/install/simple_arm_interfaces/include/simple_arm_interfaces/simple_arm_interfaces
[6.107s] -- Up-to-date: /home/shoky/ros2_ws/install/simple_arm_interfaces/include/simple_arm_interfaces/simple_arm_interfaces/srv
[6.107s] -- Up-to-date: /home/shoky/ros2_ws/install/simple_arm_interfaces/include/simple_arm_interfaces/simple_arm_interfaces/srv/detail
[6.107s] -- Installing: /home/shoky/ros2_ws/install/simple_arm_interfaces/include/simple_arm_interfaces/simple_arm_interfaces/srv/detail/gripper_control__rosidl_typesupport_fastrtps_c.h
[6.107s] -- Up-to-date: /home/shoky/ros2_ws/install/simple_arm_interfaces/include/simple_arm_interfaces/simple_arm_interfaces/msg
[6.108s] -- Installing: /home/shoky/ros2_ws/install/simple_arm_interfaces/include/simple_arm_interfaces/simple_arm_interfaces/msg/rosidl_typesupport_fastrtps_c__visibility_control.h
[6.108s] -- Installing: /home/shoky/ros2_ws/install/simple_arm_interfaces/lib/libsimple_arm_interfaces__rosidl_typesupport_fastrtps_c.so
[6.108s] -- Set non-toolchain portion of runtime path of "/home/shoky/ros2_ws/install/simple_arm_interfaces/lib/libsimple_arm_interfaces__rosidl_typesupport_fastrtps_c.so" to ""
[6.108s] -- Up-to-date: /home/shoky/ros2_ws/install/simple_arm_interfaces/include/simple_arm_interfaces/simple_arm_interfaces
[6.108s] -- Up-to-date: /home/shoky/ros2_ws/install/simple_arm_interfaces/include/simple_arm_interfaces/simple_arm_interfaces/srv
[6.108s] -- Up-to-date: /home/shoky/ros2_ws/install/simple_arm_interfaces/include/simple_arm_interfaces/simple_arm_interfaces/srv/detail
[6.109s] -- Installing: /home/shoky/ros2_ws/install/simple_arm_interfaces/include/simple_arm_interfaces/simple_arm_interfaces/srv/detail/gripper_control__type_support.c
[6.109s] -- Installing: /home/shoky/ros2_ws/install/simple_arm_interfaces/include/simple_arm_interfaces/simple_arm_interfaces/srv/detail/gripper_control__rosidl_typesupport_introspection_c.h
[6.109s] -- Up-to-date: /home/shoky/ros2_ws/install/simple_arm_interfaces/include/simple_arm_interfaces/simple_arm_interfaces/msg
[6.109s] -- Installing: /home/shoky/ros2_ws/install/simple_arm_interfaces/include/simple_arm_interfaces/simple_arm_interfaces/msg/rosidl_typesupport_introspection_c__visibility_control.h
[6.109s] -- Installing: /home/shoky/ros2_ws/install/simple_arm_interfaces/lib/libsimple_arm_interfaces__rosidl_typesupport_introspection_c.so
[6.109s] -- Set non-toolchain portion of runtime path of "/home/shoky/ros2_ws/install/simple_arm_interfaces/lib/libsimple_arm_interfaces__rosidl_typesupport_introspection_c.so" to ""
[6.109s] -- Installing: /home/shoky/ros2_ws/install/simple_arm_interfaces/lib/libsimple_arm_interfaces__rosidl_typesupport_c.so
[6.109s] -- Set non-toolchain portion of runtime path of "/home/shoky/ros2_ws/install/simple_arm_interfaces/lib/libsimple_arm_interfaces__rosidl_typesupport_c.so" to ""
[6.109s] -- Up-to-date: /home/shoky/ros2_ws/install/simple_arm_interfaces/include/simple_arm_interfaces/simple_arm_interfaces
[6.109s] -- Up-to-date: /home/shoky/ros2_ws/install/simple_arm_interfaces/include/simple_arm_interfaces/simple_arm_interfaces/srv
[6.110s] -- Up-to-date: /home/shoky/ros2_ws/install/simple_arm_interfaces/include/simple_arm_interfaces/simple_arm_interfaces/srv/detail
[6.110s] -- Installing: /home/shoky/ros2_ws/install/simple_arm_interfaces/include/simple_arm_interfaces/simple_arm_interfaces/srv/detail/gripper_control__struct.hpp
[6.110s] -- Installing: /home/shoky/ros2_ws/install/simple_arm_interfaces/include/simple_arm_interfaces/simple_arm_interfaces/srv/detail/gripper_control__traits.hpp
[6.110s] -- Installing: /home/shoky/ros2_ws/install/simple_arm_interfaces/include/simple_arm_interfaces/simple_arm_interfaces/srv/detail/gripper_control__type_support.hpp
[6.110s] -- Installing: /home/shoky/ros2_ws/install/simple_arm_interfaces/include/simple_arm_interfaces/simple_arm_interfaces/srv/detail/gripper_control__builder.hpp
[6.111s] -- Installing: /home/shoky/ros2_ws/install/simple_arm_interfaces/include/simple_arm_interfaces/simple_arm_interfaces/srv/gripper_control.hpp
[6.111s] -- Up-to-date: /home/shoky/ros2_ws/install/simple_arm_interfaces/include/simple_arm_interfaces/simple_arm_interfaces/msg
[6.111s] -- Installing: /home/shoky/ros2_ws/install/simple_arm_interfaces/include/simple_arm_interfaces/simple_arm_interfaces/msg/rosidl_generator_cpp__visibility_control.hpp
[6.111s] -- Up-to-date: /home/shoky/ros2_ws/install/simple_arm_interfaces/include/simple_arm_interfaces/simple_arm_interfaces
[6.111s] -- Up-to-date: /home/shoky/ros2_ws/install/simple_arm_interfaces/include/simple_arm_interfaces/simple_arm_interfaces/srv
[6.111s] -- Up-to-date: /home/shoky/ros2_ws/install/simple_arm_interfaces/include/simple_arm_interfaces/simple_arm_interfaces/srv/detail
[6.112s] -- Installing: /home/shoky/ros2_ws/install/simple_arm_interfaces/include/simple_arm_interfaces/simple_arm_interfaces/srv/detail/dds_fastrtps
[6.112s] -- Installing: /home/shoky/ros2_ws/install/simple_arm_interfaces/include/simple_arm_interfaces/simple_arm_interfaces/srv/detail/gripper_control__rosidl_typesupport_fastrtps_cpp.hpp
[6.112s] -- Up-to-date: /home/shoky/ros2_ws/install/simple_arm_interfaces/include/simple_arm_interfaces/simple_arm_interfaces/msg
[6.112s] -- Installing: /home/shoky/ros2_ws/install/simple_arm_interfaces/include/simple_arm_interfaces/simple_arm_interfaces/msg/rosidl_typesupport_fastrtps_cpp__visibility_control.h
[6.112s] -- Installing: /home/shoky/ros2_ws/install/simple_arm_interfaces/lib/libsimple_arm_interfaces__rosidl_typesupport_fastrtps_cpp.so
[6.112s] -- Set non-toolchain portion of runtime path of "/home/shoky/ros2_ws/install/simple_arm_interfaces/lib/libsimple_arm_interfaces__rosidl_typesupport_fastrtps_cpp.so" to ""
[6.113s] -- Up-to-date: /home/shoky/ros2_ws/install/simple_arm_interfaces/include/simple_arm_interfaces/simple_arm_interfaces
[6.113s] -- Up-to-date: /home/shoky/ros2_ws/install/simple_arm_interfaces/include/simple_arm_interfaces/simple_arm_interfaces/srv
[6.113s] -- Up-to-date: /home/shoky/ros2_ws/install/simple_arm_interfaces/include/simple_arm_interfaces/simple_arm_interfaces/srv/detail
[6.113s] -- Installing: /home/shoky/ros2_ws/install/simple_arm_interfaces/include/simple_arm_interfaces/simple_arm_interfaces/srv/detail/gripper_control__type_support.cpp
[6.113s] -- Installing: /home/shoky/ros2_ws/install/simple_arm_interfaces/include/simple_arm_interfaces/simple_arm_interfaces/srv/detail/gripper_control__rosidl_typesupport_introspection_cpp.hpp
[6.113s] -- Installing: /home/shoky/ros2_ws/install/simple_arm_interfaces/lib/libsimple_arm_interfaces__rosidl_typesupport_introspection_cpp.so
[6.113s] -- Set non-toolchain portion of runtime path of "/home/shoky/ros2_ws/install/simple_arm_interfaces/lib/libsimple_arm_interfaces__rosidl_typesupport_introspection_cpp.so" to ""
[6.113s] -- Installing: /home/shoky/ros2_ws/install/simple_arm_interfaces/lib/libsimple_arm_interfaces__rosidl_typesupport_cpp.so
[6.114s] -- Set non-toolchain portion of runtime path of "/home/shoky/ros2_ws/install/simple_arm_interfaces/lib/libsimple_arm_interfaces__rosidl_typesupport_cpp.so" to ""
[6.114s] -- Installing: /home/shoky/ros2_ws/install/simple_arm_interfaces/share/simple_arm_interfaces/environment/pythonpath.sh
[6.114s] -- Installing: /home/shoky/ros2_ws/install/simple_arm_interfaces/share/simple_arm_interfaces/environment/pythonpath.dsv
[6.114s] -- Installing: /home/shoky/ros2_ws/install/simple_arm_interfaces/lib/python3.12/site-packages/simple_arm_interfaces-0.0.0-py3.12.egg-info
[6.114s] -- Installing: /home/shoky/ros2_ws/install/simple_arm_interfaces/lib/python3.12/site-packages/simple_arm_interfaces-0.0.0-py3.12.egg-info/top_level.txt
[6.114s] -- Installing: /home/shoky/ros2_ws/install/simple_arm_interfaces/lib/python3.12/site-packages/simple_arm_interfaces-0.0.0-py3.12.egg-info/dependency_links.txt
[6.114s] -- Installing: /home/shoky/ros2_ws/install/simple_arm_interfaces/lib/python3.12/site-packages/simple_arm_interfaces-0.0.0-py3.12.egg-info/PKG-INFO
[6.114s] -- Installing: /home/shoky/ros2_ws/install/simple_arm_interfaces/lib/python3.12/site-packages/simple_arm_interfaces-0.0.0-py3.12.egg-info/SOURCES.txt
[6.114s] -- Installing: /home/shoky/ros2_ws/install/simple_arm_interfaces/lib/python3.12/site-packages/simple_arm_interfaces
[6.114s] -- Installing: /home/shoky/ros2_ws/install/simple_arm_interfaces/lib/python3.12/site-packages/simple_arm_interfaces/simple_arm_interfaces_s__rosidl_typesupport_fastrtps_c.so
[6.114s] -- Installing: /home/shoky/ros2_ws/install/simple_arm_interfaces/lib/python3.12/site-packages/simple_arm_interfaces/_simple_arm_interfaces_s.ep.rosidl_typesupport_fastrtps_c.c
[6.114s] -- Installing: /home/shoky/ros2_ws/install/simple_arm_interfaces/lib/python3.12/site-packages/simple_arm_interfaces/_simple_arm_interfaces_s.ep.rosidl_typesupport_introspection_c.c
[6.114s] -- Installing: /home/shoky/ros2_ws/install/simple_arm_interfaces/lib/python3.12/site-packages/simple_arm_interfaces/__init__.py
[6.114s] -- Installing: /home/shoky/ros2_ws/install/simple_arm_interfaces/lib/python3.12/site-packages/simple_arm_interfaces/srv
[6.114s] -- Installing: /home/shoky/ros2_ws/install/simple_arm_interfaces/lib/python3.12/site-packages/simple_arm_interfaces/srv/_gripper_control_s.c
[6.114s] -- Installing: /home/shoky/ros2_ws/install/simple_arm_interfaces/lib/python3.12/site-packages/simple_arm_interfaces/srv/_gripper_control.py
[6.114s] -- Installing: /home/shoky/ros2_ws/install/simple_arm_interfaces/lib/python3.12/site-packages/simple_arm_interfaces/srv/__init__.py
[6.114s] -- Installing: /home/shoky/ros2_ws/install/simple_arm_interfaces/lib/python3.12/site-packages/simple_arm_interfaces/_simple_arm_interfaces_s.ep.rosidl_typesupport_c.c
[6.114s] -- Installing: /home/shoky/ros2_ws/install/simple_arm_interfaces/lib/python3.12/site-packages/simple_arm_interfaces/simple_arm_interfaces_s__rosidl_typesupport_introspection_c.so
[6.114s] -- Installing: /home/shoky/ros2_ws/install/simple_arm_interfaces/lib/python3.12/site-packages/simple_arm_interfaces/simple_arm_interfaces_s__rosidl_typesupport_c.so
[6.136s] Listing '/home/shoky/ros2_ws/install/simple_arm_interfaces/lib/python3.12/site-packages/simple_arm_interfaces'...
[6.136s] Compiling '/home/shoky/ros2_ws/install/simple_arm_interfaces/lib/python3.12/site-packages/simple_arm_interfaces/__init__.py'...
[6.136s] Listing '/home/shoky/ros2_ws/install/simple_arm_interfaces/lib/python3.12/site-packages/simple_arm_interfaces/srv'...
[6.136s] Compiling '/home/shoky/ros2_ws/install/simple_arm_interfaces/lib/python3.12/site-packages/simple_arm_interfaces/srv/__init__.py'...
[6.136s] Compiling '/home/shoky/ros2_ws/install/simple_arm_interfaces/lib/python3.12/site-packages/simple_arm_interfaces/srv/_gripper_control.py'...
[6.139s] -- Installing: /home/shoky/ros2_ws/install/simple_arm_interfaces/lib/python3.12/site-packages/simple_arm_interfaces/simple_arm_interfaces_s__rosidl_typesupport_fastrtps_c.so
[6.140s] -- Set non-toolchain portion of runtime path of "/home/shoky/ros2_ws/install/simple_arm_interfaces/lib/python3.12/site-packages/simple_arm_interfaces/simple_arm_interfaces_s__rosidl_typesupport_fastrtps_c.so" to ""
[6.140s] -- Installing: /home/shoky/ros2_ws/install/simple_arm_interfaces/lib/python3.12/site-packages/simple_arm_interfaces/simple_arm_interfaces_s__rosidl_typesupport_introspection_c.so
[6.140s] -- Set non-toolchain portion of runtime path of "/home/shoky/ros2_ws/install/simple_arm_interfaces/lib/python3.12/site-packages/simple_arm_interfaces/simple_arm_interfaces_s__rosidl_typesupport_introspection_c.so" to ""
[6.140s] -- Installing: /home/shoky/ros2_ws/install/simple_arm_interfaces/lib/python3.12/site-packages/simple_arm_interfaces/simple_arm_interfaces_s__rosidl_typesupport_c.so
[6.141s] -- Set non-toolchain portion of runtime path of "/home/shoky/ros2_ws/install/simple_arm_interfaces/lib/python3.12/site-packages/simple_arm_interfaces/simple_arm_interfaces_s__rosidl_typesupport_c.so" to ""
[6.141s] -- Installing: /home/shoky/ros2_ws/install/simple_arm_interfaces/lib/libsimple_arm_interfaces__rosidl_generator_py.so
[6.141s] -- Set non-toolchain portion of runtime path of "/home/shoky/ros2_ws/install/simple_arm_interfaces/lib/libsimple_arm_interfaces__rosidl_generator_py.so" to ""
[6.141s] -- Installing: /home/shoky/ros2_ws/install/simple_arm_interfaces/share/simple_arm_interfaces/srv/GripperControl.idl
[6.141s] -- Installing: /home/shoky/ros2_ws/install/simple_arm_interfaces/share/simple_arm_interfaces/srv/GripperControl.srv
[6.141s] -- Installing: /home/shoky/ros2_ws/install/simple_arm_interfaces/share/ament_index/resource_index/package_run_dependencies/simple_arm_interfaces
[6.141s] -- Installing: /home/shoky/ros2_ws/install/simple_arm_interfaces/share/ament_index/resource_index/parent_prefix_path/simple_arm_interfaces
[6.142s] -- Installing: /home/shoky/ros2_ws/install/simple_arm_interfaces/share/simple_arm_interfaces/environment/ament_prefix_path.sh
[6.142s] -- Installing: /home/shoky/ros2_ws/install/simple_arm_interfaces/share/simple_arm_interfaces/environment/ament_prefix_path.dsv
[6.142s] -- Installing: /home/shoky/ros2_ws/install/simple_arm_interfaces/share/simple_arm_interfaces/environment/path.sh
[6.142s] -- Installing: /home/shoky/ros2_ws/install/simple_arm_interfaces/share/simple_arm_interfaces/environment/path.dsv
[6.142s] -- Installing: /home/shoky/ros2_ws/install/simple_arm_interfaces/share/simple_arm_interfaces/local_setup.bash
[6.142s] -- Installing: /home/shoky/ros2_ws/install/simple_arm_interfaces/share/simple_arm_interfaces/local_setup.sh
[6.143s] -- Installing: /home/shoky/ros2_ws/install/simple_arm_interfaces/share/simple_arm_interfaces/local_setup.zsh
[6.143s] -- Installing: /home/shoky/ros2_ws/install/simple_arm_interfaces/share/simple_arm_interfaces/local_setup.dsv
[6.143s] -- Installing: /home/shoky/ros2_ws/install/simple_arm_interfaces/share/simple_arm_interfaces/package.dsv
[6.143s] -- Installing: /home/shoky/ros2_ws/install/simple_arm_interfaces/share/ament_index/resource_index/packages/simple_arm_interfaces
[6.143s] -- Installing: /home/shoky/ros2_ws/install/simple_arm_interfaces/share/simple_arm_interfaces/cmake/export_simple_arm_interfaces__rosidl_generator_cExport.cmake
[6.143s] -- Installing: /home/shoky/ros2_ws/install/simple_arm_interfaces/share/simple_arm_interfaces/cmake/export_simple_arm_interfaces__rosidl_generator_cExport-noconfig.cmake
[6.144s] -- Installing: /home/shoky/ros2_ws/install/simple_arm_interfaces/share/simple_arm_interfaces/cmake/export_simple_arm_interfaces__rosidl_typesupport_fastrtps_cExport.cmake
[6.144s] -- Installing: /home/shoky/ros2_ws/install/simple_arm_interfaces/share/simple_arm_interfaces/cmake/export_simple_arm_interfaces__rosidl_typesupport_fastrtps_cExport-noconfig.cmake
[6.144s] -- Installing: /home/shoky/ros2_ws/install/simple_arm_interfaces/share/simple_arm_interfaces/cmake/simple_arm_interfaces__rosidl_typesupport_introspection_cExport.cmake
[6.144s] -- Installing: /home/shoky/ros2_ws/install/simple_arm_interfaces/share/simple_arm_interfaces/cmake/simple_arm_interfaces__rosidl_typesupport_introspection_cExport-noconfig.cmake
[6.144s] -- Installing: /home/shoky/ros2_ws/install/simple_arm_interfaces/share/simple_arm_interfaces/cmake/simple_arm_interfaces__rosidl_typesupport_cExport.cmake
[6.144s] -- Installing: /home/shoky/ros2_ws/install/simple_arm_interfaces/share/simple_arm_interfaces/cmake/simple_arm_interfaces__rosidl_typesupport_cExport-noconfig.cmake
[6.144s] -- Installing: /home/shoky/ros2_ws/install/simple_arm_interfaces/share/simple_arm_interfaces/cmake/export_simple_arm_interfaces__rosidl_generator_cppExport.cmake
[6.144s] -- Installing: /home/shoky/ros2_ws/install/simple_arm_interfaces/share/simple_arm_interfaces/cmake/export_simple_arm_interfaces__rosidl_typesupport_fastrtps_cppExport.cmake
[6.145s] -- Installing: /home/shoky/ros2_ws/install/simple_arm_interfaces/share/simple_arm_interfaces/cmake/export_simple_arm_interfaces__rosidl_typesupport_fastrtps_cppExport-noconfig.cmake
[6.145s] -- Installing: /home/shoky/ros2_ws/install/simple_arm_interfaces/share/simple_arm_interfaces/cmake/simple_arm_interfaces__rosidl_typesupport_introspection_cppExport.cmake
[6.145s] -- Installing: /home/shoky/ros2_ws/install/simple_arm_interfaces/share/simple_arm_interfaces/cmake/simple_arm_interfaces__rosidl_typesupport_introspection_cppExport-noconfig.cmake
[6.145s] -- Installing: /home/shoky/ros2_ws/install/simple_arm_interfaces/share/simple_arm_interfaces/cmake/simple_arm_interfaces__rosidl_typesupport_cppExport.cmake
[6.145s] -- Installing: /home/shoky/ros2_ws/install/simple_arm_interfaces/share/simple_arm_interfaces/cmake/simple_arm_interfaces__rosidl_typesupport_cppExport-noconfig.cmake
[6.145s] -- Installing: /home/shoky/ros2_ws/install/simple_arm_interfaces/share/simple_arm_interfaces/cmake/export_simple_arm_interfaces__rosidl_generator_pyExport.cmake
[6.146s] -- Installing: /home/shoky/ros2_ws/install/simple_arm_interfaces/share/simple_arm_interfaces/cmake/export_simple_arm_interfaces__rosidl_generator_pyExport-noconfig.cmake
[6.146s] -- Installing: /home/shoky/ros2_ws/install/simple_arm_interfaces/share/simple_arm_interfaces/cmake/rosidl_cmake-extras.cmake
[6.146s] -- Installing: /home/shoky/ros2_ws/install/simple_arm_interfaces/share/simple_arm_interfaces/cmake/ament_cmake_export_dependencies-extras.cmake
[6.146s] -- Installing: /home/shoky/ros2_ws/install/simple_arm_interfaces/share/simple_arm_interfaces/cmake/ament_cmake_export_include_directories-extras.cmake
[6.146s] -- Installing: /home/shoky/ros2_ws/install/simple_arm_interfaces/share/simple_arm_interfaces/cmake/ament_cmake_export_libraries-extras.cmake
[6.146s] -- Installing: /home/shoky/ros2_ws/install/simple_arm_interfaces/share/simple_arm_interfaces/cmake/ament_cmake_export_targets-extras.cmake
[6.147s] -- Installing: /home/shoky/ros2_ws/install/simple_arm_interfaces/share/simple_arm_interfaces/cmake/rosidl_cmake_export_typesupport_targets-extras.cmake
[6.147s] -- Installing: /home/shoky/ros2_ws/install/simple_arm_interfaces/share/simple_arm_interfaces/cmake/rosidl_cmake_export_typesupport_libraries-extras.cmake
[6.147s] -- Installing: /home/shoky/ros2_ws/install/simple_arm_interfaces/share/simple_arm_interfaces/cmake/simple_arm_interfacesConfig.cmake
[6.147s] -- Installing: /home/shoky/ros2_ws/install/simple_arm_interfaces/share/simple_arm_interfaces/cmake/simple_arm_interfacesConfig-version.cmake
[6.147s] -- Installing: /home/shoky/ros2_ws/install/simple_arm_interfaces/share/simple_arm_interfaces/package.xml
[6.148s] Invoked command in '/home/shoky/ros2_ws/build/simple_arm_interfaces' returned '0': CMAKE_PREFIX_PATH=${CMAKE_PREFIX_PATH}:/home/shoky/ros2_ws/install/simple_arm_control:/home/shoky/ros2_ws/install/my_first_pkg:/opt/ros/jazzy /usr/bin/cmake --install /home/shoky/ros2_ws/build/simple_arm_interfaces
