[0.218s] DEBUG:colcon:Command line arguments: ['/usr/bin/colcon', 'build']
[0.218s] DEBUG:colcon:Parsed command line arguments: Namespace(log_base=None, log_level=None, verb_name='build', build_base='build', install_base='install', merge_install=False, symlink_install=False, test_result_base=None, continue_on_error=False, executor='parallel', parallel_workers=8, event_handlers=None, ignore_user_meta=False, metas=['./colcon.meta'], base_paths=['.'], packages_ignore=None, packages_ignore_regex=None, paths=None, packages_up_to=None, packages_up_to_regex=None, packages_above=None, packages_above_and_dependencies=None, packages_above_depth=None, packages_select_by_dep=None, packages_skip_by_dep=None, packages_skip_up_to=None, packages_select_build_failed=False, packages_skip_build_finished=False, packages_select_test_failures=False, packages_skip_test_passed=False, packages_select=None, packages_skip=None, packages_select_regex=None, packages_skip_regex=None, packages_start=None, packages_end=None, allow_overriding=[], cmake_args=None, cmake_target=None, cmake_target_skip_unavailable=False, cmake_clean_cache=False, cmake_clean_first=False, cmake_force_configure=False, ament_cmake_args=None, catkin_cmake_args=None, catkin_skip_building_tests=False, verb_parser=<colcon_defaults.argument_parser.defaults.DefaultArgumentsDecorator object at 0x7094d266ddf0>, verb_extension=<colcon_core.verb.build.BuildVerb object at 0x7094d266dc70>, main=<bound method BuildVerb.main of <colcon_core.verb.build.BuildVerb object at 0x7094d266dc70>>)
[0.272s] Level 1:colcon.colcon_core.package_discovery:discover_packages(colcon_meta) check parameters
[0.272s] Level 1:colcon.colcon_core.package_discovery:discover_packages(recursive) check parameters
[0.272s] Level 1:colcon.colcon_core.package_discovery:discover_packages(ignore) check parameters
[0.272s] Level 1:colcon.colcon_core.package_discovery:discover_packages(path) check parameters
[0.272s] Level 1:colcon.colcon_core.package_discovery:discover_packages(colcon_meta) discover
[0.272s] Level 1:colcon.colcon_core.package_discovery:discover_packages(recursive) discover
[0.272s] INFO:colcon.colcon_core.package_discovery:Crawling recursively for packages in '/home/shoky/ros2_ws'
[0.272s] Level 1:colcon.colcon_core.package_identification:_identify(.) by extensions ['ignore', 'ignore_ament_install']
[0.272s] Level 1:colcon.colcon_core.package_identification:_identify(.) by extension 'ignore'
[0.272s] Level 1:colcon.colcon_core.package_identification:_identify(.) by extension 'ignore_ament_install'
[0.272s] Level 1:colcon.colcon_core.package_identification:_identify(.) by extensions ['colcon_pkg']
[0.272s] Level 1:colcon.colcon_core.package_identification:_identify(.) by extension 'colcon_pkg'
[0.272s] Level 1:colcon.colcon_core.package_identification:_identify(.) by extensions ['colcon_meta']
[0.272s] Level 1:colcon.colcon_core.package_identification:_identify(.) by extension 'colcon_meta'
[0.272s] Level 1:colcon.colcon_core.package_identification:_identify(.) by extensions ['ros']
[0.272s] Level 1:colcon.colcon_core.package_identification:_identify(.) by extension 'ros'
[0.299s] Level 1:colcon.colcon_core.package_identification:_identify(.) by extensions ['cmake', 'python']
[0.299s] Level 1:colcon.colcon_core.package_identification:_identify(.) by extension 'cmake'
[0.299s] Level 1:colcon.colcon_core.package_identification:_identify(.) by extension 'python'
[0.299s] Level 1:colcon.colcon_core.package_identification:_identify(.) by extensions ['python_setup_py']
[0.299s] Level 1:colcon.colcon_core.package_identification:_identify(.) by extension 'python_setup_py'
[0.300s] Level 1:colcon.colcon_core.package_identification:_identify(build) by extensions ['ignore', 'ignore_ament_install']
[0.300s] Level 1:colcon.colcon_core.package_identification:_identify(build) by extension 'ignore'
[0.300s] Level 1:colcon.colcon_core.package_identification:_identify(build) ignored
[0.300s] Level 1:colcon.colcon_core.package_identification:_identify(cheatsheet) by extensions ['ignore', 'ignore_ament_install']
[0.300s] Level 1:colcon.colcon_core.package_identification:_identify(cheatsheet) by extension 'ignore'
[0.300s] Level 1:colcon.colcon_core.package_identification:_identify(cheatsheet) by extension 'ignore_ament_install'
[0.300s] Level 1:colcon.colcon_core.package_identification:_identify(cheatsheet) by extensions ['colcon_pkg']
[0.300s] Level 1:colcon.colcon_core.package_identification:_identify(cheatsheet) by extension 'colcon_pkg'
[0.300s] Level 1:colcon.colcon_core.package_identification:_identify(cheatsheet) by extensions ['colcon_meta']
[0.300s] Level 1:colcon.colcon_core.package_identification:_identify(cheatsheet) by extension 'colcon_meta'
[0.300s] Level 1:colcon.colcon_core.package_identification:_identify(cheatsheet) by extensions ['ros']
[0.300s] Level 1:colcon.colcon_core.package_identification:_identify(cheatsheet) by extension 'ros'
[0.300s] Level 1:colcon.colcon_core.package_identification:_identify(cheatsheet) by extensions ['cmake', 'python']
[0.300s] Level 1:colcon.colcon_core.package_identification:_identify(cheatsheet) by extension 'cmake'
[0.300s] Level 1:colcon.colcon_core.package_identification:_identify(cheatsheet) by extension 'python'
[0.300s] Level 1:colcon.colcon_core.package_identification:_identify(cheatsheet) by extensions ['python_setup_py']
[0.300s] Level 1:colcon.colcon_core.package_identification:_identify(cheatsheet) by extension 'python_setup_py'
[0.300s] Level 1:colcon.colcon_core.package_identification:_identify(install) by extensions ['ignore', 'ignore_ament_install']
[0.300s] Level 1:colcon.colcon_core.package_identification:_identify(install) by extension 'ignore'
[0.300s] Level 1:colcon.colcon_core.package_identification:_identify(install) ignored
[0.300s] Level 1:colcon.colcon_core.package_identification:_identify(log) by extensions ['ignore', 'ignore_ament_install']
[0.300s] Level 1:colcon.colcon_core.package_identification:_identify(log) by extension 'ignore'
[0.300s] Level 1:colcon.colcon_core.package_identification:_identify(log) ignored
[0.300s] Level 1:colcon.colcon_core.package_identification:_identify(ressources) by extensions ['ignore', 'ignore_ament_install']
[0.300s] Level 1:colcon.colcon_core.package_identification:_identify(ressources) by extension 'ignore'
[0.300s] Level 1:colcon.colcon_core.package_identification:_identify(ressources) by extension 'ignore_ament_install'
[0.300s] Level 1:colcon.colcon_core.package_identification:_identify(ressources) by extensions ['colcon_pkg']
[0.300s] Level 1:colcon.colcon_core.package_identification:_identify(ressources) by extension 'colcon_pkg'
[0.300s] Level 1:colcon.colcon_core.package_identification:_identify(ressources) by extensions ['colcon_meta']
[0.300s] Level 1:colcon.colcon_core.package_identification:_identify(ressources) by extension 'colcon_meta'
[0.300s] Level 1:colcon.colcon_core.package_identification:_identify(ressources) by extensions ['ros']
[0.300s] Level 1:colcon.colcon_core.package_identification:_identify(ressources) by extension 'ros'
[0.301s] Level 1:colcon.colcon_core.package_identification:_identify(ressources) by extensions ['cmake', 'python']
[0.301s] Level 1:colcon.colcon_core.package_identification:_identify(ressources) by extension 'cmake'
[0.301s] Level 1:colcon.colcon_core.package_identification:_identify(ressources) by extension 'python'
[0.301s] Level 1:colcon.colcon_core.package_identification:_identify(ressources) by extensions ['python_setup_py']
[0.301s] Level 1:colcon.colcon_core.package_identification:_identify(ressources) by extension 'python_setup_py'
[0.301s] Level 1:colcon.colcon_core.package_identification:_identify(ressources/ROS2) by extensions ['ignore', 'ignore_ament_install']
[0.301s] Level 1:colcon.colcon_core.package_identification:_identify(ressources/ROS2) by extension 'ignore'
[0.301s] Level 1:colcon.colcon_core.package_identification:_identify(ressources/ROS2) by extension 'ignore_ament_install'
[0.301s] Level 1:colcon.colcon_core.package_identification:_identify(ressources/ROS2) by extensions ['colcon_pkg']
[0.301s] Level 1:colcon.colcon_core.package_identification:_identify(ressources/ROS2) by extension 'colcon_pkg'
[0.301s] Level 1:colcon.colcon_core.package_identification:_identify(ressources/ROS2) by extensions ['colcon_meta']
[0.301s] Level 1:colcon.colcon_core.package_identification:_identify(ressources/ROS2) by extension 'colcon_meta'
[0.301s] Level 1:colcon.colcon_core.package_identification:_identify(ressources/ROS2) by extensions ['ros']
[0.301s] Level 1:colcon.colcon_core.package_identification:_identify(ressources/ROS2) by extension 'ros'
[0.301s] Level 1:colcon.colcon_core.package_identification:_identify(ressources/ROS2) by extensions ['cmake', 'python']
[0.301s] Level 1:colcon.colcon_core.package_identification:_identify(ressources/ROS2) by extension 'cmake'
[0.301s] Level 1:colcon.colcon_core.package_identification:_identify(ressources/ROS2) by extension 'python'
[0.301s] Level 1:colcon.colcon_core.package_identification:_identify(ressources/ROS2) by extensions ['python_setup_py']
[0.301s] Level 1:colcon.colcon_core.package_identification:_identify(ressources/ROS2) by extension 'python_setup_py'
[0.302s] Level 1:colcon.colcon_core.package_identification:_identify(ressources/steps) by extensions ['ignore', 'ignore_ament_install']
[0.302s] Level 1:colcon.colcon_core.package_identification:_identify(ressources/steps) by extension 'ignore'
[0.302s] Level 1:colcon.colcon_core.package_identification:_identify(ressources/steps) by extension 'ignore_ament_install'
[0.302s] Level 1:colcon.colcon_core.package_identification:_identify(ressources/steps) by extensions ['colcon_pkg']
[0.302s] Level 1:colcon.colcon_core.package_identification:_identify(ressources/steps) by extension 'colcon_pkg'
[0.302s] Level 1:colcon.colcon_core.package_identification:_identify(ressources/steps) by extensions ['colcon_meta']
[0.302s] Level 1:colcon.colcon_core.package_identification:_identify(ressources/steps) by extension 'colcon_meta'
[0.302s] Level 1:colcon.colcon_core.package_identification:_identify(ressources/steps) by extensions ['ros']
[0.302s] Level 1:colcon.colcon_core.package_identification:_identify(ressources/steps) by extension 'ros'
[0.302s] Level 1:colcon.colcon_core.package_identification:_identify(ressources/steps) by extensions ['cmake', 'python']
[0.302s] Level 1:colcon.colcon_core.package_identification:_identify(ressources/steps) by extension 'cmake'
[0.302s] Level 1:colcon.colcon_core.package_identification:_identify(ressources/steps) by extension 'python'
[0.302s] Level 1:colcon.colcon_core.package_identification:_identify(ressources/steps) by extensions ['python_setup_py']
[0.302s] Level 1:colcon.colcon_core.package_identification:_identify(ressources/steps) by extension 'python_setup_py'
[0.302s] Level 1:colcon.colcon_core.package_identification:_identify(src) by extensions ['ignore', 'ignore_ament_install']
[0.302s] Level 1:colcon.colcon_core.package_identification:_identify(src) by extension 'ignore'
[0.302s] Level 1:colcon.colcon_core.package_identification:_identify(src) by extension 'ignore_ament_install'
[0.302s] Level 1:colcon.colcon_core.package_identification:_identify(src) by extensions ['colcon_pkg']
[0.302s] Level 1:colcon.colcon_core.package_identification:_identify(src) by extension 'colcon_pkg'
[0.303s] Level 1:colcon.colcon_core.package_identification:_identify(src) by extensions ['colcon_meta']
[0.303s] Level 1:colcon.colcon_core.package_identification:_identify(src) by extension 'colcon_meta'
[0.303s] Level 1:colcon.colcon_core.package_identification:_identify(src) by extensions ['ros']
[0.303s] Level 1:colcon.colcon_core.package_identification:_identify(src) by extension 'ros'
[0.303s] Level 1:colcon.colcon_core.package_identification:_identify(src) by extensions ['cmake', 'python']
[0.303s] Level 1:colcon.colcon_core.package_identification:_identify(src) by extension 'cmake'
[0.303s] Level 1:colcon.colcon_core.package_identification:_identify(src) by extension 'python'
[0.303s] Level 1:colcon.colcon_core.package_identification:_identify(src) by extensions ['python_setup_py']
[0.303s] Level 1:colcon.colcon_core.package_identification:_identify(src) by extension 'python_setup_py'
[0.303s] Level 1:colcon.colcon_core.package_identification:_identify(src/simple_arm_control) by extensions ['ignore', 'ignore_ament_install']
[0.303s] Level 1:colcon.colcon_core.package_identification:_identify(src/simple_arm_control) by extension 'ignore'
[0.303s] Level 1:colcon.colcon_core.package_identification:_identify(src/simple_arm_control) by extension 'ignore_ament_install'
[0.303s] Level 1:colcon.colcon_core.package_identification:_identify(src/simple_arm_control) by extensions ['colcon_pkg']
[0.303s] Level 1:colcon.colcon_core.package_identification:_identify(src/simple_arm_control) by extension 'colcon_pkg'
[0.303s] Level 1:colcon.colcon_core.package_identification:_identify(src/simple_arm_control) by extensions ['colcon_meta']
[0.303s] Level 1:colcon.colcon_core.package_identification:_identify(src/simple_arm_control) by extension 'colcon_meta'
[0.303s] Level 1:colcon.colcon_core.package_identification:_identify(src/simple_arm_control) by extensions ['ros']
[0.303s] Level 1:colcon.colcon_core.package_identification:_identify(src/simple_arm_control) by extension 'ros'
[0.306s] DEBUG:colcon.colcon_core.package_identification:Package 'src/simple_arm_control' with type 'ros.ament_python' and name 'simple_arm_control'
[0.306s] Level 1:colcon.colcon_core.package_identification:_identify(src/simple_arm_description) by extensions ['ignore', 'ignore_ament_install']
[0.306s] Level 1:colcon.colcon_core.package_identification:_identify(src/simple_arm_description) by extension 'ignore'
[0.306s] Level 1:colcon.colcon_core.package_identification:_identify(src/simple_arm_description) by extension 'ignore_ament_install'
[0.306s] Level 1:colcon.colcon_core.package_identification:_identify(src/simple_arm_description) by extensions ['colcon_pkg']
[0.306s] Level 1:colcon.colcon_core.package_identification:_identify(src/simple_arm_description) by extension 'colcon_pkg'
[0.306s] Level 1:colcon.colcon_core.package_identification:_identify(src/simple_arm_description) by extensions ['colcon_meta']
[0.306s] Level 1:colcon.colcon_core.package_identification:_identify(src/simple_arm_description) by extension 'colcon_meta'
[0.306s] Level 1:colcon.colcon_core.package_identification:_identify(src/simple_arm_description) by extensions ['ros']
[0.307s] Level 1:colcon.colcon_core.package_identification:_identify(src/simple_arm_description) by extension 'ros'
[0.307s] DEBUG:colcon.colcon_core.package_identification:Package 'src/simple_arm_description' with type 'ros.ament_cmake' and name 'simple_arm_description'
[0.307s] Level 1:colcon.colcon_core.package_identification:_identify(steps) by extensions ['ignore', 'ignore_ament_install']
[0.307s] Level 1:colcon.colcon_core.package_identification:_identify(steps) by extension 'ignore'
[0.307s] Level 1:colcon.colcon_core.package_identification:_identify(steps) by extension 'ignore_ament_install'
[0.307s] Level 1:colcon.colcon_core.package_identification:_identify(steps) by extensions ['colcon_pkg']
[0.307s] Level 1:colcon.colcon_core.package_identification:_identify(steps) by extension 'colcon_pkg'
[0.307s] Level 1:colcon.colcon_core.package_identification:_identify(steps) by extensions ['colcon_meta']
[0.307s] Level 1:colcon.colcon_core.package_identification:_identify(steps) by extension 'colcon_meta'
[0.307s] Level 1:colcon.colcon_core.package_identification:_identify(steps) by extensions ['ros']
[0.307s] Level 1:colcon.colcon_core.package_identification:_identify(steps) by extension 'ros'
[0.307s] Level 1:colcon.colcon_core.package_identification:_identify(steps) by extensions ['cmake', 'python']
[0.307s] Level 1:colcon.colcon_core.package_identification:_identify(steps) by extension 'cmake'
[0.307s] Level 1:colcon.colcon_core.package_identification:_identify(steps) by extension 'python'
[0.307s] Level 1:colcon.colcon_core.package_identification:_identify(steps) by extensions ['python_setup_py']
[0.307s] Level 1:colcon.colcon_core.package_identification:_identify(steps) by extension 'python_setup_py'
[0.307s] Level 1:colcon.colcon_core.package_discovery:discover_packages(recursive) using defaults
[0.307s] Level 1:colcon.colcon_core.package_discovery:discover_packages(ignore) discover
[0.307s] Level 1:colcon.colcon_core.package_discovery:discover_packages(ignore) using defaults
[0.307s] Level 1:colcon.colcon_core.package_discovery:discover_packages(path) discover
[0.307s] Level 1:colcon.colcon_core.package_discovery:discover_packages(path) using defaults
[0.329s] Level 1:colcon.colcon_core.package_discovery:discover_packages(prefix_path) check parameters
[0.329s] Level 1:colcon.colcon_core.package_discovery:discover_packages(prefix_path) discover
[0.333s] DEBUG:colcon.colcon_installed_package_information.package_discovery:Found 285 installed packages in /opt/ros/jazzy
[0.333s] Level 1:colcon.colcon_core.package_discovery:discover_packages(prefix_path) using defaults
[0.413s] Level 5:colcon.colcon_core.verb:set package 'simple_arm_control' build argument 'cmake_args' from command line to 'None'
[0.413s] Level 5:colcon.colcon_core.verb:set package 'simple_arm_control' build argument 'cmake_target' from command line to 'None'
[0.414s] Level 5:colcon.colcon_core.verb:set package 'simple_arm_control' build argument 'cmake_target_skip_unavailable' from command line to 'False'
[0.414s] Level 5:colcon.colcon_core.verb:set package 'simple_arm_control' build argument 'cmake_clean_cache' from command line to 'False'
[0.414s] Level 5:colcon.colcon_core.verb:set package 'simple_arm_control' build argument 'cmake_clean_first' from command line to 'False'
[0.414s] Level 5:colcon.colcon_core.verb:set package 'simple_arm_control' build argument 'cmake_force_configure' from command line to 'False'
[0.414s] Level 5:colcon.colcon_core.verb:set package 'simple_arm_control' build argument 'ament_cmake_args' from command line to 'None'
[0.414s] Level 5:colcon.colcon_core.verb:set package 'simple_arm_control' build argument 'catkin_cmake_args' from command line to 'None'
[0.414s] Level 5:colcon.colcon_core.verb:set package 'simple_arm_control' build argument 'catkin_skip_building_tests' from command line to 'False'
[0.414s] DEBUG:colcon.colcon_core.verb:Building package 'simple_arm_control' with the following arguments: {'ament_cmake_args': None, 'build_base': '/home/shoky/ros2_ws/build/simple_arm_control', 'catkin_cmake_args': None, 'catkin_skip_building_tests': False, 'cmake_args': None, 'cmake_clean_cache': False, 'cmake_clean_first': False, 'cmake_force_configure': False, 'cmake_target': None, 'cmake_target_skip_unavailable': False, 'install_base': '/home/shoky/ros2_ws/install/simple_arm_control', 'merge_install': False, 'path': '/home/shoky/ros2_ws/src/simple_arm_control', 'symlink_install': False, 'test_result_base': None}
[0.414s] Level 5:colcon.colcon_core.verb:set package 'simple_arm_description' build argument 'cmake_args' from command line to 'None'
[0.414s] Level 5:colcon.colcon_core.verb:set package 'simple_arm_description' build argument 'cmake_target' from command line to 'None'
[0.414s] Level 5:colcon.colcon_core.verb:set package 'simple_arm_description' build argument 'cmake_target_skip_unavailable' from command line to 'False'
[0.414s] Level 5:colcon.colcon_core.verb:set package 'simple_arm_description' build argument 'cmake_clean_cache' from command line to 'False'
[0.414s] Level 5:colcon.colcon_core.verb:set package 'simple_arm_description' build argument 'cmake_clean_first' from command line to 'False'
[0.414s] Level 5:colcon.colcon_core.verb:set package 'simple_arm_description' build argument 'cmake_force_configure' from command line to 'False'
[0.414s] Level 5:colcon.colcon_core.verb:set package 'simple_arm_description' build argument 'ament_cmake_args' from command line to 'None'
[0.414s] Level 5:colcon.colcon_core.verb:set package 'simple_arm_description' build argument 'catkin_cmake_args' from command line to 'None'
[0.414s] Level 5:colcon.colcon_core.verb:set package 'simple_arm_description' build argument 'catkin_skip_building_tests' from command line to 'False'
[0.414s] DEBUG:colcon.colcon_core.verb:Building package 'simple_arm_description' with the following arguments: {'ament_cmake_args': None, 'build_base': '/home/shoky/ros2_ws/build/simple_arm_description', 'catkin_cmake_args': None, 'catkin_skip_building_tests': False, 'cmake_args': None, 'cmake_clean_cache': False, 'cmake_clean_first': False, 'cmake_force_configure': False, 'cmake_target': None, 'cmake_target_skip_unavailable': False, 'install_base': '/home/shoky/ros2_ws/install/simple_arm_description', 'merge_install': False, 'path': '/home/shoky/ros2_ws/src/simple_arm_description', 'symlink_install': False, 'test_result_base': None}
[0.414s] INFO:colcon.colcon_core.executor:Executing jobs using 'parallel' executor
[0.415s] DEBUG:colcon.colcon_parallel_executor.executor.parallel:run_until_complete
[0.415s] INFO:colcon.colcon_ros.task.ament_python.build:Building ROS package in '/home/shoky/ros2_ws/src/simple_arm_control' with build type 'ament_python'
[0.415s] Level 1:colcon.colcon_core.shell:create_environment_hook('simple_arm_control', 'ament_prefix_path')
[0.419s] INFO:colcon.colcon_core.plugin_system:Skipping extension 'colcon_core.shell.bat': Not used on non-Windows systems
[0.419s] INFO:colcon.colcon_core.shell:Creating environment hook '/home/shoky/ros2_ws/install/simple_arm_control/share/simple_arm_control/hook/ament_prefix_path.ps1'
[0.420s] INFO:colcon.colcon_core.shell:Creating environment descriptor '/home/shoky/ros2_ws/install/simple_arm_control/share/simple_arm_control/hook/ament_prefix_path.dsv'
[0.421s] INFO:colcon.colcon_core.shell:Creating environment hook '/home/shoky/ros2_ws/install/simple_arm_control/share/simple_arm_control/hook/ament_prefix_path.sh'
[0.421s] INFO:colcon.colcon_core.shell:Skip shell extension 'powershell' for command environment: Not usable outside of PowerShell
[0.421s] DEBUG:colcon.colcon_core.shell:Skip shell extension 'dsv' for command environment
[0.423s] INFO:colcon.colcon_ros.task.ament_cmake.build:Building ROS package in '/home/shoky/ros2_ws/src/simple_arm_description' with build type 'ament_cmake'
[0.423s] INFO:colcon.colcon_cmake.task.cmake.build:Building CMake package in '/home/shoky/ros2_ws/src/simple_arm_description'
[0.423s] INFO:colcon.colcon_core.shell:Skip shell extension 'powershell' for command environment: Not usable outside of PowerShell
[0.423s] DEBUG:colcon.colcon_core.shell:Skip shell extension 'dsv' for command environment
[0.550s] INFO:colcon.colcon_core.task.python.build:Building Python package in '/home/shoky/ros2_ws/src/simple_arm_control'
[0.550s] INFO:colcon.colcon_core.shell:Skip shell extension 'powershell' for command environment: Not usable outside of PowerShell
[0.550s] DEBUG:colcon.colcon_core.shell:Skip shell extension 'dsv' for command environment
[0.553s] DEBUG:colcon.colcon_core.event_handler.log_command:Invoking command in '/home/shoky/ros2_ws/build/simple_arm_description': CMAKE_PREFIX_PATH=${CMAKE_PREFIX_PATH}:/opt/ros/jazzy /usr/bin/cmake /home/shoky/ros2_ws/src/simple_arm_description -DCMAKE_INSTALL_PREFIX=/home/shoky/ros2_ws/install/simple_arm_description
[1.135s] DEBUG:colcon.colcon_core.event_handler.log_command:Invoking command in '/home/shoky/ros2_ws/src/simple_arm_control': PYTHONPATH=/home/shoky/ros2_ws/build/simple_arm_control/prefix_override:/usr/lib/python3/dist-packages/colcon_core/task/python/colcon_distutils_commands:/home/shoky/ros2_ws/install/simple_arm_control/lib/python3.12/site-packages:${PYTHONPATH} /usr/bin/python3 -W ignore:setup.py install is deprecated -W ignore:easy_install command is deprecated setup.py egg_info --egg-base ../../build/simple_arm_control build --build-base /home/shoky/ros2_ws/build/simple_arm_control/build install --record /home/shoky/ros2_ws/build/simple_arm_control/install.log --single-version-externally-managed install_data
[1.379s] DEBUG:colcon.colcon_core.event_handler.log_command:Invoked command in '/home/shoky/ros2_ws/src/simple_arm_control' returned '0': PYTHONPATH=/home/shoky/ros2_ws/build/simple_arm_control/prefix_override:/usr/lib/python3/dist-packages/colcon_core/task/python/colcon_distutils_commands:/home/shoky/ros2_ws/install/simple_arm_control/lib/python3.12/site-packages:${PYTHONPATH} /usr/bin/python3 -W ignore:setup.py install is deprecated -W ignore:easy_install command is deprecated setup.py egg_info --egg-base ../../build/simple_arm_control build --build-base /home/shoky/ros2_ws/build/simple_arm_control/build install --record /home/shoky/ros2_ws/build/simple_arm_control/install.log --single-version-externally-managed install_data
[1.384s] Level 1:colcon.colcon_core.environment:checking '/home/shoky/ros2_ws/install/simple_arm_control' for CMake module files
[1.385s] Level 1:colcon.colcon_core.environment:checking '/home/shoky/ros2_ws/install/simple_arm_control' for CMake config files
[1.385s] Level 1:colcon.colcon_core.environment:checking '/home/shoky/ros2_ws/install/simple_arm_control/lib'
[1.385s] Level 1:colcon.colcon_core.environment:checking '/home/shoky/ros2_ws/install/simple_arm_control/bin'
[1.385s] Level 1:colcon.colcon_core.environment:checking '/home/shoky/ros2_ws/install/simple_arm_control/lib/pkgconfig/simple_arm_control.pc'
[1.385s] Level 1:colcon.colcon_core.environment:checking '/home/shoky/ros2_ws/install/simple_arm_control/lib/python3.12/site-packages'
[1.385s] Level 1:colcon.colcon_core.shell:create_environment_hook('simple_arm_control', 'pythonpath')
[1.385s] INFO:colcon.colcon_core.shell:Creating environment hook '/home/shoky/ros2_ws/install/simple_arm_control/share/simple_arm_control/hook/pythonpath.ps1'
[1.386s] INFO:colcon.colcon_core.shell:Creating environment descriptor '/home/shoky/ros2_ws/install/simple_arm_control/share/simple_arm_control/hook/pythonpath.dsv'
[1.386s] INFO:colcon.colcon_core.shell:Creating environment hook '/home/shoky/ros2_ws/install/simple_arm_control/share/simple_arm_control/hook/pythonpath.sh'
[1.386s] Level 1:colcon.colcon_core.environment:checking '/home/shoky/ros2_ws/install/simple_arm_control/bin'
[1.386s] Level 1:colcon.colcon_core.environment:create_environment_scripts_only(simple_arm_control)
[1.386s] INFO:colcon.colcon_core.shell:Creating package script '/home/shoky/ros2_ws/install/simple_arm_control/share/simple_arm_control/package.ps1'
[1.387s] INFO:colcon.colcon_core.shell:Creating package descriptor '/home/shoky/ros2_ws/install/simple_arm_control/share/simple_arm_control/package.dsv'
[1.387s] INFO:colcon.colcon_core.shell:Creating package script '/home/shoky/ros2_ws/install/simple_arm_control/share/simple_arm_control/package.sh'
[1.388s] INFO:colcon.colcon_core.shell:Creating package script '/home/shoky/ros2_ws/install/simple_arm_control/share/simple_arm_control/package.bash'
[1.389s] INFO:colcon.colcon_core.shell:Creating package script '/home/shoky/ros2_ws/install/simple_arm_control/share/simple_arm_control/package.zsh'
[1.389s] Level 1:colcon.colcon_core.environment:create_file_with_runtime_dependencies(/home/shoky/ros2_ws/install/simple_arm_control/share/colcon-core/packages/simple_arm_control)
[4.257s] DEBUG:colcon.colcon_core.event_handler.log_command:Invoked command in '/home/shoky/ros2_ws/build/simple_arm_description' returned '0': CMAKE_PREFIX_PATH=${CMAKE_PREFIX_PATH}:/opt/ros/jazzy /usr/bin/cmake /home/shoky/ros2_ws/src/simple_arm_description -DCMAKE_INSTALL_PREFIX=/home/shoky/ros2_ws/install/simple_arm_description
[4.258s] DEBUG:colcon.colcon_core.event_handler.log_command:Invoking command in '/home/shoky/ros2_ws/build/simple_arm_description': CMAKE_PREFIX_PATH=${CMAKE_PREFIX_PATH}:/opt/ros/jazzy /usr/bin/cmake --build /home/shoky/ros2_ws/build/simple_arm_description -- -j8 -l8
[4.279s] DEBUG:colcon.colcon_core.event_handler.log_command:Invoked command in '/home/shoky/ros2_ws/build/simple_arm_description' returned '0': CMAKE_PREFIX_PATH=${CMAKE_PREFIX_PATH}:/opt/ros/jazzy /usr/bin/cmake --build /home/shoky/ros2_ws/build/simple_arm_description -- -j8 -l8
[4.284s] DEBUG:colcon.colcon_core.event_handler.log_command:Invoking command in '/home/shoky/ros2_ws/build/simple_arm_description': CMAKE_PREFIX_PATH=${CMAKE_PREFIX_PATH}:/opt/ros/jazzy /usr/bin/cmake --install /home/shoky/ros2_ws/build/simple_arm_description
[4.291s] Level 1:colcon.colcon_core.environment:create_environment_scripts_only(simple_arm_description)
[4.291s] Level 1:colcon.colcon_core.environment:checking '/home/shoky/ros2_ws/install/simple_arm_description' for CMake module files
[4.291s] DEBUG:colcon.colcon_core.event_handler.log_command:Invoked command in '/home/shoky/ros2_ws/build/simple_arm_description' returned '0': CMAKE_PREFIX_PATH=${CMAKE_PREFIX_PATH}:/opt/ros/jazzy /usr/bin/cmake --install /home/shoky/ros2_ws/build/simple_arm_description
[4.292s] Level 1:colcon.colcon_core.environment:checking '/home/shoky/ros2_ws/install/simple_arm_description' for CMake config files
[4.292s] Level 1:colcon.colcon_core.shell:create_environment_hook('simple_arm_description', 'cmake_prefix_path')
[4.292s] INFO:colcon.colcon_core.shell:Creating environment hook '/home/shoky/ros2_ws/install/simple_arm_description/share/simple_arm_description/hook/cmake_prefix_path.ps1'
[4.292s] INFO:colcon.colcon_core.shell:Creating environment descriptor '/home/shoky/ros2_ws/install/simple_arm_description/share/simple_arm_description/hook/cmake_prefix_path.dsv'
[4.292s] INFO:colcon.colcon_core.shell:Creating environment hook '/home/shoky/ros2_ws/install/simple_arm_description/share/simple_arm_description/hook/cmake_prefix_path.sh'
[4.293s] Level 1:colcon.colcon_core.environment:checking '/home/shoky/ros2_ws/install/simple_arm_description/bin'
[4.293s] Level 1:colcon.colcon_core.environment:checking '/home/shoky/ros2_ws/install/simple_arm_description/lib/pkgconfig/simple_arm_description.pc'
[4.293s] Level 1:colcon.colcon_core.environment:checking '/home/shoky/ros2_ws/install/simple_arm_description/lib/python3.12/site-packages'
[4.293s] Level 1:colcon.colcon_core.environment:checking '/home/shoky/ros2_ws/install/simple_arm_description/bin'
[4.293s] INFO:colcon.colcon_core.shell:Creating package script '/home/shoky/ros2_ws/install/simple_arm_description/share/simple_arm_description/package.ps1'
[4.293s] INFO:colcon.colcon_core.shell:Creating package descriptor '/home/shoky/ros2_ws/install/simple_arm_description/share/simple_arm_description/package.dsv'
[4.294s] INFO:colcon.colcon_core.shell:Creating package script '/home/shoky/ros2_ws/install/simple_arm_description/share/simple_arm_description/package.sh'
[4.294s] INFO:colcon.colcon_core.shell:Creating package script '/home/shoky/ros2_ws/install/simple_arm_description/share/simple_arm_description/package.bash'
[4.294s] INFO:colcon.colcon_core.shell:Creating package script '/home/shoky/ros2_ws/install/simple_arm_description/share/simple_arm_description/package.zsh'
[4.294s] Level 1:colcon.colcon_core.environment:create_file_with_runtime_dependencies(/home/shoky/ros2_ws/install/simple_arm_description/share/colcon-core/packages/simple_arm_description)
[4.294s] Level 1:colcon.colcon_core.environment:create_environment_scripts_only(simple_arm_description)
[4.294s] Level 1:colcon.colcon_core.environment:checking '/home/shoky/ros2_ws/install/simple_arm_description' for CMake module files
[4.295s] Level 1:colcon.colcon_core.environment:checking '/home/shoky/ros2_ws/install/simple_arm_description' for CMake config files
[4.295s] Level 1:colcon.colcon_core.shell:create_environment_hook('simple_arm_description', 'cmake_prefix_path')
[4.295s] INFO:colcon.colcon_core.shell:Creating environment hook '/home/shoky/ros2_ws/install/simple_arm_description/share/simple_arm_description/hook/cmake_prefix_path.ps1'
[4.295s] INFO:colcon.colcon_core.shell:Creating environment descriptor '/home/shoky/ros2_ws/install/simple_arm_description/share/simple_arm_description/hook/cmake_prefix_path.dsv'
[4.295s] INFO:colcon.colcon_core.shell:Creating environment hook '/home/shoky/ros2_ws/install/simple_arm_description/share/simple_arm_description/hook/cmake_prefix_path.sh'
[4.296s] Level 1:colcon.colcon_core.environment:checking '/home/shoky/ros2_ws/install/simple_arm_description/bin'
[4.296s] Level 1:colcon.colcon_core.environment:checking '/home/shoky/ros2_ws/install/simple_arm_description/lib/pkgconfig/simple_arm_description.pc'
[4.296s] Level 1:colcon.colcon_core.environment:checking '/home/shoky/ros2_ws/install/simple_arm_description/lib/python3.12/site-packages'
[4.296s] Level 1:colcon.colcon_core.environment:checking '/home/shoky/ros2_ws/install/simple_arm_description/bin'
[4.296s] INFO:colcon.colcon_core.shell:Creating package script '/home/shoky/ros2_ws/install/simple_arm_description/share/simple_arm_description/package.ps1'
[4.296s] INFO:colcon.colcon_core.shell:Creating package descriptor '/home/shoky/ros2_ws/install/simple_arm_description/share/simple_arm_description/package.dsv'
[4.296s] INFO:colcon.colcon_core.shell:Creating package script '/home/shoky/ros2_ws/install/simple_arm_description/share/simple_arm_description/package.sh'
[4.297s] INFO:colcon.colcon_core.shell:Creating package script '/home/shoky/ros2_ws/install/simple_arm_description/share/simple_arm_description/package.bash'
[4.297s] INFO:colcon.colcon_core.shell:Creating package script '/home/shoky/ros2_ws/install/simple_arm_description/share/simple_arm_description/package.zsh'
[4.297s] Level 1:colcon.colcon_core.environment:create_file_with_runtime_dependencies(/home/shoky/ros2_ws/install/simple_arm_description/share/colcon-core/packages/simple_arm_description)
[4.297s] DEBUG:colcon.colcon_parallel_executor.executor.parallel:closing loop
[4.298s] DEBUG:colcon.colcon_parallel_executor.executor.parallel:loop closed
[4.298s] DEBUG:colcon.colcon_parallel_executor.executor.parallel:run_until_complete finished with '0'
[4.298s] DEBUG:colcon.colcon_core.event_reactor:joining thread
[4.348s] INFO:colcon.colcon_core.plugin_system:Skipping extension 'colcon_notification.desktop_notification.notify_send': Could not find 'notify-send'
[4.348s] INFO:colcon.colcon_core.plugin_system:Skipping extension 'colcon_notification.desktop_notification.terminal_notifier': Not used on non-Darwin systems
[4.348s] INFO:colcon.colcon_core.plugin_system:Skipping extension 'colcon_notification.desktop_notification.win32': Not used on non-Windows systems
[4.348s] INFO:colcon.colcon_notification.desktop_notification:Sending desktop notification using 'notify2'
[4.350s] DEBUG:colcon.colcon_notification.desktop_notification.notify2:Failed to initialize notify2: org.freedesktop.DBus.Error.ServiceUnknown: The name org.freedesktop.Notifications was not provided by any .service files
[4.350s] DEBUG:colcon.colcon_core.event_reactor:joined thread
[4.350s] INFO:colcon.colcon_core.shell:Creating prefix script '/home/shoky/ros2_ws/install/local_setup.ps1'
[4.350s] INFO:colcon.colcon_core.shell:Creating prefix util module '/home/shoky/ros2_ws/install/_local_setup_util_ps1.py'
[4.351s] INFO:colcon.colcon_core.shell:Creating prefix chain script '/home/shoky/ros2_ws/install/setup.ps1'
[4.352s] INFO:colcon.colcon_core.shell:Creating prefix script '/home/shoky/ros2_ws/install/local_setup.sh'
[4.352s] INFO:colcon.colcon_core.shell:Creating prefix util module '/home/shoky/ros2_ws/install/_local_setup_util_sh.py'
[4.352s] INFO:colcon.colcon_core.shell:Creating prefix chain script '/home/shoky/ros2_ws/install/setup.sh'
[4.353s] INFO:colcon.colcon_core.shell:Creating prefix script '/home/shoky/ros2_ws/install/local_setup.bash'
[4.354s] INFO:colcon.colcon_core.shell:Creating prefix chain script '/home/shoky/ros2_ws/install/setup.bash'
[4.354s] INFO:colcon.colcon_core.shell:Creating prefix script '/home/shoky/ros2_ws/install/local_setup.zsh'
[4.355s] INFO:colcon.colcon_core.shell:Creating prefix chain script '/home/shoky/ros2_ws/install/setup.zsh'
